  [1m[36m (30.6ms)[0m  [1mCREATE TABLE "schema_migrations" ("version" character varying NOT NULL) [0m
  [1m[35m (6.3ms)[0m  CREATE UNIQUE INDEX  "unique_schema_migrations" ON "schema_migrations"  ("version")
  [1m[36mActiveRecord::SchemaMigration Load (0.8ms)[0m  [1mSELECT "schema_migrations".* FROM "schema_migrations"[0m
Migrating to CreateItems (20160524202001)
  [1m[35m (0.3ms)[0m  BEGIN
  [1m[36m (17.5ms)[0m  [1mCREATE TABLE "items" ("id" serial primary key, "name" character varying, "description" character varying, "complete" boolean, "created_at" timestamp NOT NULL, "updated_at" timestamp NOT NULL) [0m
  [1m[35mSQL (0.4ms)[0m  INSERT INTO "schema_migrations" ("version") VALUES ($1)  [["version", "20160524202001"]]
  [1m[36m (0.6ms)[0m  [1mCOMMIT[0m
  [1m[35mActiveRecord::SchemaMigration Load (0.2ms)[0m  SELECT "schema_migrations".* FROM "schema_migrations"
  [1m[36m (7.6ms)[0m  [1mSELECT t2.oid::regclass::text AS to_table, a1.attname AS column, a2.attname AS primary_key, c.conname AS name, c.confupdtype AS on_update, c.confdeltype AS on_delete
FROM pg_constraint c
JOIN pg_class t1 ON c.conrelid = t1.oid
JOIN pg_class t2 ON c.confrelid = t2.oid
JOIN pg_attribute a1 ON a1.attnum = c.conkey[1] AND a1.attrelid = t1.oid
JOIN pg_attribute a2 ON a2.attnum = c.confkey[1] AND a2.attrelid = t2.oid
JOIN pg_namespace t3 ON c.connamespace = t3.oid
WHERE c.contype = 'f'
  AND t1.relname = 'items'
  AND t3.nspname = ANY (current_schemas(false))
ORDER BY c.conname
[0m


Started GET "/" for ::1 at 2016-05-24 14:50:25 -0600
  [1m[36mActiveRecord::SchemaMigration Load (1.3ms)[0m  [1mSELECT "schema_migrations".* FROM "schema_migrations"[0m
Processing by Rails::WelcomeController#index as HTML
  Rendered /Users/tomlynam/.rbenv/versions/2.3.1/lib/ruby/gems/2.3.0/gems/railties-4.2.6/lib/rails/templates/rails/welcome/index.html.erb (2.7ms)
Completed 200 OK in 28ms (Views: 18.2ms | ActiveRecord: 0.0ms)


Started GET "/new" for ::1 at 2016-05-24 14:50:31 -0600

ActionController::RoutingError (No route matches [GET] "/new"):
  actionpack (4.2.6) lib/action_dispatch/middleware/debug_exceptions.rb:21:in `call'
  web-console (2.3.0) lib/web_console/middleware.rb:28:in `block in call'
  web-console (2.3.0) lib/web_console/middleware.rb:18:in `catch'
  web-console (2.3.0) lib/web_console/middleware.rb:18:in `call'
  actionpack (4.2.6) lib/action_dispatch/middleware/show_exceptions.rb:30:in `call'
  railties (4.2.6) lib/rails/rack/logger.rb:38:in `call_app'
  railties (4.2.6) lib/rails/rack/logger.rb:20:in `block in call'
  activesupport (4.2.6) lib/active_support/tagged_logging.rb:68:in `block in tagged'
  activesupport (4.2.6) lib/active_support/tagged_logging.rb:26:in `tagged'
  activesupport (4.2.6) lib/active_support/tagged_logging.rb:68:in `tagged'
  railties (4.2.6) lib/rails/rack/logger.rb:20:in `call'
  actionpack (4.2.6) lib/action_dispatch/middleware/request_id.rb:21:in `call'
  rack (1.6.4) lib/rack/methodoverride.rb:22:in `call'
  rack (1.6.4) lib/rack/runtime.rb:18:in `call'
  activesupport (4.2.6) lib/active_support/cache/strategy/local_cache_middleware.rb:28:in `call'
  rack (1.6.4) lib/rack/lock.rb:17:in `call'
  actionpack (4.2.6) lib/action_dispatch/middleware/static.rb:120:in `call'
  rack (1.6.4) lib/rack/sendfile.rb:113:in `call'
  railties (4.2.6) lib/rails/engine.rb:518:in `call'
  railties (4.2.6) lib/rails/application.rb:165:in `call'
  rack (1.6.4) lib/rack/lock.rb:17:in `call'
  rack (1.6.4) lib/rack/content_length.rb:15:in `call'
  rack (1.6.4) lib/rack/handler/webrick.rb:88:in `service'
  /Users/tomlynam/.rbenv/versions/2.3.1/lib/ruby/2.3.0/webrick/httpserver.rb:140:in `service'
  /Users/tomlynam/.rbenv/versions/2.3.1/lib/ruby/2.3.0/webrick/httpserver.rb:96:in `run'
  /Users/tomlynam/.rbenv/versions/2.3.1/lib/ruby/2.3.0/webrick/server.rb:296:in `block in start_thread'


  Rendered /Users/tomlynam/.rbenv/versions/2.3.1/lib/ruby/gems/2.3.0/gems/actionpack-4.2.6/lib/action_dispatch/middleware/templates/rescues/_trace.html.erb (2.7ms)
  Rendered /Users/tomlynam/.rbenv/versions/2.3.1/lib/ruby/gems/2.3.0/gems/actionpack-4.2.6/lib/action_dispatch/middleware/templates/routes/_route.html.erb (1.1ms)
  Rendered /Users/tomlynam/.rbenv/versions/2.3.1/lib/ruby/gems/2.3.0/gems/actionpack-4.2.6/lib/action_dispatch/middleware/templates/routes/_table.html.erb (20.9ms)
  Rendered /Users/tomlynam/.rbenv/versions/2.3.1/lib/ruby/gems/2.3.0/gems/actionpack-4.2.6/lib/action_dispatch/middleware/templates/rescues/_request_and_response.html.erb (1.4ms)
  Rendered /Users/tomlynam/.rbenv/versions/2.3.1/lib/ruby/gems/2.3.0/gems/actionpack-4.2.6/lib/action_dispatch/middleware/templates/rescues/routing_error.html.erb within rescues/layout (125.3ms)
  Rendered /Users/tomlynam/.rbenv/versions/2.3.1/lib/ruby/gems/2.3.0/gems/web-console-2.3.0/lib/web_console/templates/_markup.html.erb (0.7ms)
  Rendered /Users/tomlynam/.rbenv/versions/2.3.1/lib/ruby/gems/2.3.0/gems/web-console-2.3.0/lib/web_console/templates/_inner_console_markup.html.erb within layouts/inlined_string (0.4ms)
  Rendered /Users/tomlynam/.rbenv/versions/2.3.1/lib/ruby/gems/2.3.0/gems/web-console-2.3.0/lib/web_console/templates/_prompt_box_markup.html.erb within layouts/inlined_string (0.4ms)
  Rendered /Users/tomlynam/.rbenv/versions/2.3.1/lib/ruby/gems/2.3.0/gems/web-console-2.3.0/lib/web_console/templates/style.css.erb within layouts/inlined_string (0.6ms)
  Rendered /Users/tomlynam/.rbenv/versions/2.3.1/lib/ruby/gems/2.3.0/gems/web-console-2.3.0/lib/web_console/templates/console.js.erb within layouts/javascript (76.1ms)
  Rendered /Users/tomlynam/.rbenv/versions/2.3.1/lib/ruby/gems/2.3.0/gems/web-console-2.3.0/lib/web_console/templates/main.js.erb within layouts/javascript (0.5ms)
  Rendered /Users/tomlynam/.rbenv/versions/2.3.1/lib/ruby/gems/2.3.0/gems/web-console-2.3.0/lib/web_console/templates/error_page.js.erb within layouts/javascript (0.6ms)
  Rendered /Users/tomlynam/.rbenv/versions/2.3.1/lib/ruby/gems/2.3.0/gems/web-console-2.3.0/lib/web_console/templates/index.html.erb (164.3ms)


Started GET "/" for ::1 at 2016-05-24 14:56:03 -0600
  [1m[36mActiveRecord::SchemaMigration Load (0.9ms)[0m  [1mSELECT "schema_migrations".* FROM "schema_migrations"[0m
Processing by Rails::WelcomeController#index as HTML
  Rendered /Users/tomlynam/.rbenv/versions/2.3.1/lib/ruby/gems/2.3.0/gems/railties-4.2.6/lib/rails/templates/rails/welcome/index.html.erb (2.4ms)
Completed 200 OK in 34ms (Views: 16.1ms | ActiveRecord: 0.0ms)


Started GET "/new" for ::1 at 2016-05-24 14:56:07 -0600

ActionController::RoutingError (No route matches [GET] "/new"):
  actionpack (4.2.6) lib/action_dispatch/middleware/debug_exceptions.rb:21:in `call'
  web-console (2.3.0) lib/web_console/middleware.rb:28:in `block in call'
  web-console (2.3.0) lib/web_console/middleware.rb:18:in `catch'
  web-console (2.3.0) lib/web_console/middleware.rb:18:in `call'
  actionpack (4.2.6) lib/action_dispatch/middleware/show_exceptions.rb:30:in `call'
  railties (4.2.6) lib/rails/rack/logger.rb:38:in `call_app'
  railties (4.2.6) lib/rails/rack/logger.rb:20:in `block in call'
  activesupport (4.2.6) lib/active_support/tagged_logging.rb:68:in `block in tagged'
  activesupport (4.2.6) lib/active_support/tagged_logging.rb:26:in `tagged'
  activesupport (4.2.6) lib/active_support/tagged_logging.rb:68:in `tagged'
  railties (4.2.6) lib/rails/rack/logger.rb:20:in `call'
  actionpack (4.2.6) lib/action_dispatch/middleware/request_id.rb:21:in `call'
  rack (1.6.4) lib/rack/methodoverride.rb:22:in `call'
  rack (1.6.4) lib/rack/runtime.rb:18:in `call'
  activesupport (4.2.6) lib/active_support/cache/strategy/local_cache_middleware.rb:28:in `call'
  rack (1.6.4) lib/rack/lock.rb:17:in `call'
  actionpack (4.2.6) lib/action_dispatch/middleware/static.rb:120:in `call'
  rack (1.6.4) lib/rack/sendfile.rb:113:in `call'
  railties (4.2.6) lib/rails/engine.rb:518:in `call'
  railties (4.2.6) lib/rails/application.rb:165:in `call'
  rack (1.6.4) lib/rack/lock.rb:17:in `call'
  rack (1.6.4) lib/rack/content_length.rb:15:in `call'
  rack (1.6.4) lib/rack/handler/webrick.rb:88:in `service'
  /Users/tomlynam/.rbenv/versions/2.3.1/lib/ruby/2.3.0/webrick/httpserver.rb:140:in `service'
  /Users/tomlynam/.rbenv/versions/2.3.1/lib/ruby/2.3.0/webrick/httpserver.rb:96:in `run'
  /Users/tomlynam/.rbenv/versions/2.3.1/lib/ruby/2.3.0/webrick/server.rb:296:in `block in start_thread'


  Rendered /Users/tomlynam/.rbenv/versions/2.3.1/lib/ruby/gems/2.3.0/gems/actionpack-4.2.6/lib/action_dispatch/middleware/templates/rescues/_trace.html.erb (1.8ms)
  Rendered /Users/tomlynam/.rbenv/versions/2.3.1/lib/ruby/gems/2.3.0/gems/actionpack-4.2.6/lib/action_dispatch/middleware/templates/routes/_route.html.erb (1.0ms)
  Rendered /Users/tomlynam/.rbenv/versions/2.3.1/lib/ruby/gems/2.3.0/gems/actionpack-4.2.6/lib/action_dispatch/middleware/templates/routes/_table.html.erb (20.1ms)
  Rendered /Users/tomlynam/.rbenv/versions/2.3.1/lib/ruby/gems/2.3.0/gems/actionpack-4.2.6/lib/action_dispatch/middleware/templates/rescues/_request_and_response.html.erb (2.0ms)
  Rendered /Users/tomlynam/.rbenv/versions/2.3.1/lib/ruby/gems/2.3.0/gems/actionpack-4.2.6/lib/action_dispatch/middleware/templates/rescues/routing_error.html.erb within rescues/layout (126.4ms)
  Rendered /Users/tomlynam/.rbenv/versions/2.3.1/lib/ruby/gems/2.3.0/gems/web-console-2.3.0/lib/web_console/templates/_markup.html.erb (0.8ms)
  Rendered /Users/tomlynam/.rbenv/versions/2.3.1/lib/ruby/gems/2.3.0/gems/web-console-2.3.0/lib/web_console/templates/_inner_console_markup.html.erb within layouts/inlined_string (0.5ms)
  Rendered /Users/tomlynam/.rbenv/versions/2.3.1/lib/ruby/gems/2.3.0/gems/web-console-2.3.0/lib/web_console/templates/_prompt_box_markup.html.erb within layouts/inlined_string (0.4ms)
  Rendered /Users/tomlynam/.rbenv/versions/2.3.1/lib/ruby/gems/2.3.0/gems/web-console-2.3.0/lib/web_console/templates/style.css.erb within layouts/inlined_string (0.4ms)
  Rendered /Users/tomlynam/.rbenv/versions/2.3.1/lib/ruby/gems/2.3.0/gems/web-console-2.3.0/lib/web_console/templates/console.js.erb within layouts/javascript (91.9ms)
  Rendered /Users/tomlynam/.rbenv/versions/2.3.1/lib/ruby/gems/2.3.0/gems/web-console-2.3.0/lib/web_console/templates/main.js.erb within layouts/javascript (0.4ms)
  Rendered /Users/tomlynam/.rbenv/versions/2.3.1/lib/ruby/gems/2.3.0/gems/web-console-2.3.0/lib/web_console/templates/error_page.js.erb within layouts/javascript (0.8ms)
  Rendered /Users/tomlynam/.rbenv/versions/2.3.1/lib/ruby/gems/2.3.0/gems/web-console-2.3.0/lib/web_console/templates/index.html.erb (185.3ms)


Started GET "/items" for ::1 at 2016-05-24 14:56:13 -0600
Processing by ItemsController#index as HTML
  [1m[35mItem Load (1.5ms)[0m  SELECT "items".* FROM "items"
  Rendered items/index.html.erb within layouts/application (5.6ms)
Completed 200 OK in 1988ms (Views: 1981.8ms | ActiveRecord: 3.1ms)


Started GET "/assets/items.self-e3b0c44298fc1c149afbf4c8996fb92427ae41e4649b934ca495991b7852b855.css?body=1" for ::1 at 2016-05-24 14:56:15 -0600


Started GET "/assets/items.self-877aef30ae1b040ab8a3aba4e3e309a11d7f2612f44dde450b5c157aa5f95c05.js?body=1" for ::1 at 2016-05-24 14:56:15 -0600


Started GET "/create" for ::1 at 2016-05-24 14:56:36 -0600

ActionController::RoutingError (No route matches [GET] "/create"):
  actionpack (4.2.6) lib/action_dispatch/middleware/debug_exceptions.rb:21:in `call'
  web-console (2.3.0) lib/web_console/middleware.rb:28:in `block in call'
  web-console (2.3.0) lib/web_console/middleware.rb:18:in `catch'
  web-console (2.3.0) lib/web_console/middleware.rb:18:in `call'
  actionpack (4.2.6) lib/action_dispatch/middleware/show_exceptions.rb:30:in `call'
  railties (4.2.6) lib/rails/rack/logger.rb:38:in `call_app'
  railties (4.2.6) lib/rails/rack/logger.rb:20:in `block in call'
  activesupport (4.2.6) lib/active_support/tagged_logging.rb:68:in `block in tagged'
  activesupport (4.2.6) lib/active_support/tagged_logging.rb:26:in `tagged'
  activesupport (4.2.6) lib/active_support/tagged_logging.rb:68:in `tagged'
  railties (4.2.6) lib/rails/rack/logger.rb:20:in `call'
  actionpack (4.2.6) lib/action_dispatch/middleware/request_id.rb:21:in `call'
  rack (1.6.4) lib/rack/methodoverride.rb:22:in `call'
  rack (1.6.4) lib/rack/runtime.rb:18:in `call'
  activesupport (4.2.6) lib/active_support/cache/strategy/local_cache_middleware.rb:28:in `call'
  rack (1.6.4) lib/rack/lock.rb:17:in `call'
  actionpack (4.2.6) lib/action_dispatch/middleware/static.rb:120:in `call'
  rack (1.6.4) lib/rack/sendfile.rb:113:in `call'
  railties (4.2.6) lib/rails/engine.rb:518:in `call'
  railties (4.2.6) lib/rails/application.rb:165:in `call'
  rack (1.6.4) lib/rack/lock.rb:17:in `call'
  rack (1.6.4) lib/rack/content_length.rb:15:in `call'
  rack (1.6.4) lib/rack/handler/webrick.rb:88:in `service'
  /Users/tomlynam/.rbenv/versions/2.3.1/lib/ruby/2.3.0/webrick/httpserver.rb:140:in `service'
  /Users/tomlynam/.rbenv/versions/2.3.1/lib/ruby/2.3.0/webrick/httpserver.rb:96:in `run'
  /Users/tomlynam/.rbenv/versions/2.3.1/lib/ruby/2.3.0/webrick/server.rb:296:in `block in start_thread'


  Rendered /Users/tomlynam/.rbenv/versions/2.3.1/lib/ruby/gems/2.3.0/gems/actionpack-4.2.6/lib/action_dispatch/middleware/templates/rescues/_trace.html.erb (4.8ms)
  Rendered /Users/tomlynam/.rbenv/versions/2.3.1/lib/ruby/gems/2.3.0/gems/actionpack-4.2.6/lib/action_dispatch/middleware/templates/routes/_route.html.erb (4.0ms)
  Rendered /Users/tomlynam/.rbenv/versions/2.3.1/lib/ruby/gems/2.3.0/gems/actionpack-4.2.6/lib/action_dispatch/middleware/templates/routes/_table.html.erb (3.3ms)
  Rendered /Users/tomlynam/.rbenv/versions/2.3.1/lib/ruby/gems/2.3.0/gems/actionpack-4.2.6/lib/action_dispatch/middleware/templates/rescues/_request_and_response.html.erb (20.3ms)
  Rendered /Users/tomlynam/.rbenv/versions/2.3.1/lib/ruby/gems/2.3.0/gems/actionpack-4.2.6/lib/action_dispatch/middleware/templates/rescues/routing_error.html.erb within rescues/layout (136.3ms)
  Rendered /Users/tomlynam/.rbenv/versions/2.3.1/lib/ruby/gems/2.3.0/gems/web-console-2.3.0/lib/web_console/templates/_markup.html.erb (0.5ms)
  Rendered /Users/tomlynam/.rbenv/versions/2.3.1/lib/ruby/gems/2.3.0/gems/web-console-2.3.0/lib/web_console/templates/_inner_console_markup.html.erb within layouts/inlined_string (1.0ms)
  Rendered /Users/tomlynam/.rbenv/versions/2.3.1/lib/ruby/gems/2.3.0/gems/web-console-2.3.0/lib/web_console/templates/_prompt_box_markup.html.erb within layouts/inlined_string (0.4ms)
  Rendered /Users/tomlynam/.rbenv/versions/2.3.1/lib/ruby/gems/2.3.0/gems/web-console-2.3.0/lib/web_console/templates/style.css.erb within layouts/inlined_string (0.9ms)
  Rendered /Users/tomlynam/.rbenv/versions/2.3.1/lib/ruby/gems/2.3.0/gems/web-console-2.3.0/lib/web_console/templates/console.js.erb within layouts/javascript (65.0ms)
  Rendered /Users/tomlynam/.rbenv/versions/2.3.1/lib/ruby/gems/2.3.0/gems/web-console-2.3.0/lib/web_console/templates/main.js.erb within layouts/javascript (1.1ms)
  Rendered /Users/tomlynam/.rbenv/versions/2.3.1/lib/ruby/gems/2.3.0/gems/web-console-2.3.0/lib/web_console/templates/error_page.js.erb within layouts/javascript (1.1ms)
  Rendered /Users/tomlynam/.rbenv/versions/2.3.1/lib/ruby/gems/2.3.0/gems/web-console-2.3.0/lib/web_console/templates/index.html.erb (154.8ms)


Started GET "/new" for ::1 at 2016-05-24 14:56:56 -0600

ActionController::RoutingError (No route matches [GET] "/new"):
  actionpack (4.2.6) lib/action_dispatch/middleware/debug_exceptions.rb:21:in `call'
  web-console (2.3.0) lib/web_console/middleware.rb:28:in `block in call'
  web-console (2.3.0) lib/web_console/middleware.rb:18:in `catch'
  web-console (2.3.0) lib/web_console/middleware.rb:18:in `call'
  actionpack (4.2.6) lib/action_dispatch/middleware/show_exceptions.rb:30:in `call'
  railties (4.2.6) lib/rails/rack/logger.rb:38:in `call_app'
  railties (4.2.6) lib/rails/rack/logger.rb:20:in `block in call'
  activesupport (4.2.6) lib/active_support/tagged_logging.rb:68:in `block in tagged'
  activesupport (4.2.6) lib/active_support/tagged_logging.rb:26:in `tagged'
  activesupport (4.2.6) lib/active_support/tagged_logging.rb:68:in `tagged'
  railties (4.2.6) lib/rails/rack/logger.rb:20:in `call'
  actionpack (4.2.6) lib/action_dispatch/middleware/request_id.rb:21:in `call'
  rack (1.6.4) lib/rack/methodoverride.rb:22:in `call'
  rack (1.6.4) lib/rack/runtime.rb:18:in `call'
  activesupport (4.2.6) lib/active_support/cache/strategy/local_cache_middleware.rb:28:in `call'
  rack (1.6.4) lib/rack/lock.rb:17:in `call'
  actionpack (4.2.6) lib/action_dispatch/middleware/static.rb:120:in `call'
  rack (1.6.4) lib/rack/sendfile.rb:113:in `call'
  railties (4.2.6) lib/rails/engine.rb:518:in `call'
  railties (4.2.6) lib/rails/application.rb:165:in `call'
  rack (1.6.4) lib/rack/lock.rb:17:in `call'
  rack (1.6.4) lib/rack/content_length.rb:15:in `call'
  rack (1.6.4) lib/rack/handler/webrick.rb:88:in `service'
  /Users/tomlynam/.rbenv/versions/2.3.1/lib/ruby/2.3.0/webrick/httpserver.rb:140:in `service'
  /Users/tomlynam/.rbenv/versions/2.3.1/lib/ruby/2.3.0/webrick/httpserver.rb:96:in `run'
  /Users/tomlynam/.rbenv/versions/2.3.1/lib/ruby/2.3.0/webrick/server.rb:296:in `block in start_thread'


  Rendered /Users/tomlynam/.rbenv/versions/2.3.1/lib/ruby/gems/2.3.0/gems/actionpack-4.2.6/lib/action_dispatch/middleware/templates/rescues/_trace.html.erb (5.0ms)
  Rendered /Users/tomlynam/.rbenv/versions/2.3.1/lib/ruby/gems/2.3.0/gems/actionpack-4.2.6/lib/action_dispatch/middleware/templates/routes/_route.html.erb (2.4ms)
  Rendered /Users/tomlynam/.rbenv/versions/2.3.1/lib/ruby/gems/2.3.0/gems/actionpack-4.2.6/lib/action_dispatch/middleware/templates/routes/_table.html.erb (1.8ms)
  Rendered /Users/tomlynam/.rbenv/versions/2.3.1/lib/ruby/gems/2.3.0/gems/actionpack-4.2.6/lib/action_dispatch/middleware/templates/rescues/_request_and_response.html.erb (2.7ms)
  Rendered /Users/tomlynam/.rbenv/versions/2.3.1/lib/ruby/gems/2.3.0/gems/actionpack-4.2.6/lib/action_dispatch/middleware/templates/rescues/routing_error.html.erb within rescues/layout (100.0ms)
  Rendered /Users/tomlynam/.rbenv/versions/2.3.1/lib/ruby/gems/2.3.0/gems/web-console-2.3.0/lib/web_console/templates/_markup.html.erb (1.1ms)
  Rendered /Users/tomlynam/.rbenv/versions/2.3.1/lib/ruby/gems/2.3.0/gems/web-console-2.3.0/lib/web_console/templates/_inner_console_markup.html.erb within layouts/inlined_string (0.4ms)
  Rendered /Users/tomlynam/.rbenv/versions/2.3.1/lib/ruby/gems/2.3.0/gems/web-console-2.3.0/lib/web_console/templates/_prompt_box_markup.html.erb within layouts/inlined_string (0.3ms)
  Rendered /Users/tomlynam/.rbenv/versions/2.3.1/lib/ruby/gems/2.3.0/gems/web-console-2.3.0/lib/web_console/templates/style.css.erb within layouts/inlined_string (1.6ms)
  Rendered /Users/tomlynam/.rbenv/versions/2.3.1/lib/ruby/gems/2.3.0/gems/web-console-2.3.0/lib/web_console/templates/console.js.erb within layouts/javascript (75.6ms)
  Rendered /Users/tomlynam/.rbenv/versions/2.3.1/lib/ruby/gems/2.3.0/gems/web-console-2.3.0/lib/web_console/templates/main.js.erb within layouts/javascript (0.3ms)
  Rendered /Users/tomlynam/.rbenv/versions/2.3.1/lib/ruby/gems/2.3.0/gems/web-console-2.3.0/lib/web_console/templates/error_page.js.erb within layouts/javascript (0.7ms)
  Rendered /Users/tomlynam/.rbenv/versions/2.3.1/lib/ruby/gems/2.3.0/gems/web-console-2.3.0/lib/web_console/templates/index.html.erb (155.0ms)


Started GET "/items/new" for ::1 at 2016-05-24 14:57:34 -0600
  [1m[36mActiveRecord::SchemaMigration Load (0.6ms)[0m  [1mSELECT "schema_migrations".* FROM "schema_migrations"[0m
Processing by ItemsController#new as HTML
  Rendered items/new.html.erb within layouts/application (7.1ms)
Completed 500 Internal Server Error in 53ms (ActiveRecord: 6.0ms)

ActionView::Template::Error (First argument in form cannot contain nil or be empty):
    1: <h1>New To-Do Item</h1>
    2: 
    3: <%= form_for @item do |f| %>
    4: 	<%= f.label :name %>
    5: 	<%= f.text_field :name %>
    6: 
  app/views/items/new.html.erb:3:in `_app_views_items_new_html_erb___1795606953301097491_70328050331000'


  Rendered /Users/tomlynam/.rbenv/versions/2.3.1/lib/ruby/gems/2.3.0/gems/actionpack-4.2.6/lib/action_dispatch/middleware/templates/rescues/_source.erb (9.8ms)
  Rendered /Users/tomlynam/.rbenv/versions/2.3.1/lib/ruby/gems/2.3.0/gems/actionpack-4.2.6/lib/action_dispatch/middleware/templates/rescues/_trace.html.erb (3.0ms)
  Rendered /Users/tomlynam/.rbenv/versions/2.3.1/lib/ruby/gems/2.3.0/gems/actionpack-4.2.6/lib/action_dispatch/middleware/templates/rescues/_request_and_response.html.erb (1.2ms)
  Rendered /Users/tomlynam/.rbenv/versions/2.3.1/lib/ruby/gems/2.3.0/gems/actionpack-4.2.6/lib/action_dispatch/middleware/templates/rescues/template_error.html.erb within rescues/layout (92.5ms)
  Rendered /Users/tomlynam/.rbenv/versions/2.3.1/lib/ruby/gems/2.3.0/gems/web-console-2.3.0/lib/web_console/templates/_markup.html.erb (1.1ms)
  Rendered /Users/tomlynam/.rbenv/versions/2.3.1/lib/ruby/gems/2.3.0/gems/web-console-2.3.0/lib/web_console/templates/_inner_console_markup.html.erb within layouts/inlined_string (0.5ms)
  Rendered /Users/tomlynam/.rbenv/versions/2.3.1/lib/ruby/gems/2.3.0/gems/web-console-2.3.0/lib/web_console/templates/_prompt_box_markup.html.erb within layouts/inlined_string (0.4ms)
  Rendered /Users/tomlynam/.rbenv/versions/2.3.1/lib/ruby/gems/2.3.0/gems/web-console-2.3.0/lib/web_console/templates/style.css.erb within layouts/inlined_string (0.4ms)
  Rendered /Users/tomlynam/.rbenv/versions/2.3.1/lib/ruby/gems/2.3.0/gems/web-console-2.3.0/lib/web_console/templates/console.js.erb within layouts/javascript (84.3ms)
  Rendered /Users/tomlynam/.rbenv/versions/2.3.1/lib/ruby/gems/2.3.0/gems/web-console-2.3.0/lib/web_console/templates/main.js.erb within layouts/javascript (0.4ms)
  Rendered /Users/tomlynam/.rbenv/versions/2.3.1/lib/ruby/gems/2.3.0/gems/web-console-2.3.0/lib/web_console/templates/error_page.js.erb within layouts/javascript (0.5ms)
  Rendered /Users/tomlynam/.rbenv/versions/2.3.1/lib/ruby/gems/2.3.0/gems/web-console-2.3.0/lib/web_console/templates/index.html.erb (172.0ms)


Started GET "/items" for ::1 at 2016-05-24 14:57:37 -0600
Processing by ItemsController#index as HTML
  [1m[35mItem Load (0.6ms)[0m  SELECT "items".* FROM "items"
  Rendered items/index.html.erb within layouts/application (1.7ms)
Completed 200 OK in 322ms (Views: 320.5ms | ActiveRecord: 0.6ms)


Started GET "/items/new" for ::1 at 2016-05-24 14:57:47 -0600
Processing by ItemsController#new as HTML
  Rendered items/new.html.erb within layouts/application (2.0ms)
Completed 500 Internal Server Error in 8ms (ActiveRecord: 0.0ms)

ActionView::Template::Error (First argument in form cannot contain nil or be empty):
    1: <h1>New To-Do Item</h1>
    2: 
    3: <%= form_for @item do |f| %>
    4: 	<%= f.label :name %>
    5: 	<%= f.text_field :name %>
    6: 
  app/views/items/new.html.erb:3:in `_app_views_items_new_html_erb___1795606953301097491_70328050331000'


  Rendered /Users/tomlynam/.rbenv/versions/2.3.1/lib/ruby/gems/2.3.0/gems/actionpack-4.2.6/lib/action_dispatch/middleware/templates/rescues/_source.erb (5.9ms)
  Rendered /Users/tomlynam/.rbenv/versions/2.3.1/lib/ruby/gems/2.3.0/gems/actionpack-4.2.6/lib/action_dispatch/middleware/templates/rescues/_trace.html.erb (2.4ms)
  Rendered /Users/tomlynam/.rbenv/versions/2.3.1/lib/ruby/gems/2.3.0/gems/actionpack-4.2.6/lib/action_dispatch/middleware/templates/rescues/_request_and_response.html.erb (1.0ms)
  Rendered /Users/tomlynam/.rbenv/versions/2.3.1/lib/ruby/gems/2.3.0/gems/actionpack-4.2.6/lib/action_dispatch/middleware/templates/rescues/template_error.html.erb within rescues/layout (85.3ms)
  Rendered /Users/tomlynam/.rbenv/versions/2.3.1/lib/ruby/gems/2.3.0/gems/web-console-2.3.0/lib/web_console/templates/_markup.html.erb (0.9ms)
  Rendered /Users/tomlynam/.rbenv/versions/2.3.1/lib/ruby/gems/2.3.0/gems/web-console-2.3.0/lib/web_console/templates/_inner_console_markup.html.erb within layouts/inlined_string (0.4ms)
  Rendered /Users/tomlynam/.rbenv/versions/2.3.1/lib/ruby/gems/2.3.0/gems/web-console-2.3.0/lib/web_console/templates/_prompt_box_markup.html.erb within layouts/inlined_string (0.6ms)
  Rendered /Users/tomlynam/.rbenv/versions/2.3.1/lib/ruby/gems/2.3.0/gems/web-console-2.3.0/lib/web_console/templates/style.css.erb within layouts/inlined_string (0.4ms)
  Rendered /Users/tomlynam/.rbenv/versions/2.3.1/lib/ruby/gems/2.3.0/gems/web-console-2.3.0/lib/web_console/templates/console.js.erb within layouts/javascript (71.0ms)
  Rendered /Users/tomlynam/.rbenv/versions/2.3.1/lib/ruby/gems/2.3.0/gems/web-console-2.3.0/lib/web_console/templates/main.js.erb within layouts/javascript (0.5ms)
  Rendered /Users/tomlynam/.rbenv/versions/2.3.1/lib/ruby/gems/2.3.0/gems/web-console-2.3.0/lib/web_console/templates/error_page.js.erb within layouts/javascript (0.5ms)
  Rendered /Users/tomlynam/.rbenv/versions/2.3.1/lib/ruby/gems/2.3.0/gems/web-console-2.3.0/lib/web_console/templates/index.html.erb (165.4ms)


Started GET "/items" for ::1 at 2016-05-24 14:59:36 -0600
  [1m[36mActiveRecord::SchemaMigration Load (0.7ms)[0m  [1mSELECT "schema_migrations".* FROM "schema_migrations"[0m
Processing by ItemsController#index as HTML
  [1m[35mItem Load (1.1ms)[0m  SELECT "items".* FROM "items"
  Rendered items/index.html.erb within layouts/application (9.0ms)
Completed 200 OK in 397ms (Views: 378.3ms | ActiveRecord: 4.3ms)


Started GET "/items/new" for ::1 at 2016-05-24 14:59:40 -0600
Processing by ItemsController#new as HTML
  Rendered items/new.html.erb within layouts/application (24.7ms)
Completed 200 OK in 50ms (Views: 41.3ms | ActiveRecord: 3.3ms)


Started POST "/items" for ::1 at 2016-05-24 15:00:34 -0600
Processing by ItemsController#create as HTML
  Parameters: {"utf8"=>"✓", "authenticity_token"=>"M3Nbo1/cLECDGgcKAt5JkDO69AfijIQ6jjH92HyFuftN8l4VKZTSKOBGU8Af+2kfFWBd3GgCA43Pxc/TneXDSw==", "item"=>{"name"=>"Take Out Trash", "description"=>"Put the garbage cans out by the curb"}, "commit"=>"Create Item"}
  [1m[36m (0.2ms)[0m  [1mBEGIN[0m
  [1m[35mSQL (2.0ms)[0m  INSERT INTO "items" ("name", "description", "created_at", "updated_at") VALUES ($1, $2, $3, $4) RETURNING "id"  [["name", "Take Out Trash"], ["description", "Put the garbage cans out by the curb"], ["created_at", "2016-05-24 21:00:34.754817"], ["updated_at", "2016-05-24 21:00:34.754817"]]
  [1m[36m (1.2ms)[0m  [1mCOMMIT[0m
Redirected to http://localhost:3000/items
Completed 302 Found in 12ms (ActiveRecord: 3.6ms)


Started GET "/items" for ::1 at 2016-05-24 15:00:34 -0600
Processing by ItemsController#index as HTML
  [1m[35mItem Load (0.5ms)[0m  SELECT "items".* FROM "items"
  Rendered items/index.html.erb within layouts/application (1.7ms)
Completed 200 OK in 30ms (Views: 29.1ms | ActiveRecord: 0.5ms)


Started GET "/" for ::1 at 2016-05-24 15:05:39 -0600
  [1m[36mActiveRecord::SchemaMigration Load (0.7ms)[0m  [1mSELECT "schema_migrations".* FROM "schema_migrations"[0m
Processing by StaticPagesController#home as HTML
  Rendered static_pages/home.html.erb within layouts/application (2.6ms)
Completed 200 OK in 571ms (Views: 558.9ms | ActiveRecord: 0.0ms)


Started GET "/about" for ::1 at 2016-05-24 15:06:13 -0600
Processing by StaticPagesController#about as HTML
  Rendered static_pages/about.html.erb within layouts/application (0.6ms)
Completed 200 OK in 40ms (Views: 38.7ms | ActiveRecord: 0.0ms)


Started GET "/" for ::1 at 2016-05-24 15:08:12 -0600
  [1m[36mActiveRecord::SchemaMigration Load (0.8ms)[0m  [1mSELECT "schema_migrations".* FROM "schema_migrations"[0m
Processing by StaticPagesController#home as HTML
  Rendered static_pages/home.html.erb within layouts/application (1.8ms)
  Rendered layouts/_navbar.html.erb (1.3ms)
Completed 200 OK in 397ms (Views: 384.5ms | ActiveRecord: 0.0ms)


Started GET "/" for ::1 at 2016-05-24 15:08:14 -0600
Processing by StaticPagesController#home as HTML
  Rendered static_pages/home.html.erb within layouts/application (0.1ms)
  Rendered layouts/_navbar.html.erb (0.3ms)
Completed 200 OK in 21ms (Views: 20.5ms | ActiveRecord: 0.0ms)


Started GET "/about" for ::1 at 2016-05-24 15:08:17 -0600
Processing by StaticPagesController#about as HTML
  Rendered static_pages/about.html.erb within layouts/application (0.4ms)
  Rendered layouts/_navbar.html.erb (0.6ms)
Completed 200 OK in 22ms (Views: 21.1ms | ActiveRecord: 0.0ms)


Started GET "/items" for ::1 at 2016-05-24 15:08:18 -0600
Processing by ItemsController#index as HTML
  [1m[35mItem Load (1.0ms)[0m  SELECT "items".* FROM "items"
  Rendered items/index.html.erb within layouts/application (15.6ms)
  Rendered layouts/_navbar.html.erb (0.8ms)
Completed 200 OK in 47ms (Views: 36.2ms | ActiveRecord: 7.2ms)


Started GET "/items" for ::1 at 2016-05-24 15:12:15 -0600
  [1m[36mActiveRecord::SchemaMigration Load (0.6ms)[0m  [1mSELECT "schema_migrations".* FROM "schema_migrations"[0m
Processing by ItemsController#index as HTML
  [1m[35mItem Load (1.0ms)[0m  SELECT "items".* FROM "items"
  Rendered items/index.html.erb within layouts/application (16.8ms)
  Rendered layouts/_navbar.html.erb (1.3ms)
Completed 200 OK in 388ms (Views: 365.7ms | ActiveRecord: 7.1ms)


Started GET "/" for ::1 at 2016-05-24 15:12:17 -0600
Processing by StaticPagesController#home as HTML
  Rendered static_pages/home.html.erb within layouts/application (0.4ms)
  Rendered layouts/_navbar.html.erb (1.4ms)
Completed 200 OK in 28ms (Views: 27.6ms | ActiveRecord: 0.0ms)


Started GET "/about" for ::1 at 2016-05-24 15:12:18 -0600
Processing by StaticPagesController#about as HTML
  Rendered static_pages/about.html.erb within layouts/application (0.3ms)
  Rendered layouts/_navbar.html.erb (0.2ms)
Completed 200 OK in 21ms (Views: 20.5ms | ActiveRecord: 0.0ms)


Started GET "/items" for ::1 at 2016-05-24 15:12:18 -0600
Processing by ItemsController#index as HTML
  [1m[36mItem Load (0.4ms)[0m  [1mSELECT "items".* FROM "items"[0m
  Rendered items/index.html.erb within layouts/application (1.9ms)
  Rendered layouts/_navbar.html.erb (0.2ms)
Completed 200 OK in 24ms (Views: 23.4ms | ActiveRecord: 0.4ms)


Started GET "/items/1/edit" for ::1 at 2016-05-24 15:12:19 -0600
Processing by ItemsController#edit as HTML
  Parameters: {"id"=>"1"}
  [1m[35mItem Load (0.5ms)[0m  SELECT  "items".* FROM "items" WHERE "items"."id" = $1 LIMIT 1  [["id", 1]]
  Rendered items/edit.html.erb within layouts/application (28.0ms)
  Rendered layouts/_navbar.html.erb (0.3ms)
Completed 200 OK in 71ms (Views: 47.8ms | ActiveRecord: 0.8ms)


Started PATCH "/items/1" for ::1 at 2016-05-24 15:12:24 -0600
Processing by ItemsController#update as HTML
  Parameters: {"utf8"=>"✓", "authenticity_token"=>"M4m3ZBICUVQAGdZQ2T9ZsOnyz8qGMAfC9VRoUQkaMk5NCLLSZEqvPGNFgprEGnk/zyhmEQy+gHW0oFpa6HpI/g==", "item"=>{"name"=>"Take Out Trash", "description"=>"Put the garbage cans out by the curb on Tuesday"}, "commit"=>"Update Item", "id"=>"1"}
  [1m[36mItem Load (0.4ms)[0m  [1mSELECT  "items".* FROM "items" WHERE "items"."id" = $1 LIMIT 1[0m  [["id", 1]]
  [1m[35m (0.1ms)[0m  BEGIN
  [1m[36mSQL (0.5ms)[0m  [1mUPDATE "items" SET "description" = $1, "updated_at" = $2 WHERE "items"."id" = $3[0m  [["description", "Put the garbage cans out by the curb on Tuesday"], ["updated_at", "2016-05-24 21:12:24.309779"], ["id", 1]]
  [1m[35m (1.5ms)[0m  COMMIT
Redirected to http://localhost:3000/items
Completed 302 Found in 8ms (ActiveRecord: 2.5ms)


Started GET "/items" for ::1 at 2016-05-24 15:12:24 -0600
Processing by ItemsController#index as HTML
  [1m[36mItem Load (0.4ms)[0m  [1mSELECT "items".* FROM "items"[0m
  Rendered items/index.html.erb within layouts/application (1.6ms)
  Rendered layouts/_navbar.html.erb (0.3ms)
Completed 200 OK in 24ms (Views: 22.5ms | ActiveRecord: 0.4ms)


Started GET "/" for ::1 at 2016-05-24 15:12:26 -0600
Processing by StaticPagesController#home as HTML
  Rendered static_pages/home.html.erb within layouts/application (0.0ms)
  Rendered layouts/_navbar.html.erb (0.4ms)
Completed 200 OK in 21ms (Views: 20.1ms | ActiveRecord: 0.0ms)


Started GET "/" for ::1 at 2016-05-24 15:15:05 -0600
  [1m[36mActiveRecord::SchemaMigration Load (0.6ms)[0m  [1mSELECT "schema_migrations".* FROM "schema_migrations"[0m
Processing by StaticPagesController#home as HTML
  Rendered static_pages/home.html.erb within layouts/application (2.6ms)
  Rendered layouts/_navbar.html.erb (1.3ms)
Completed 200 OK in 404ms (Views: 394.4ms | ActiveRecord: 0.0ms)


Started GET "/" for ::1 at 2016-05-24 15:15:09 -0600
Processing by StaticPagesController#home as HTML
  Rendered static_pages/home.html.erb within layouts/application (0.5ms)
  Rendered layouts/_navbar.html.erb (0.6ms)
Completed 200 OK in 28ms (Views: 27.3ms | ActiveRecord: 0.0ms)


Started GET "/about" for ::1 at 2016-05-24 15:15:09 -0600
Processing by StaticPagesController#about as HTML
  Rendered static_pages/about.html.erb within layouts/application (0.6ms)
  Rendered layouts/_navbar.html.erb (0.2ms)
Completed 200 OK in 37ms (Views: 36.6ms | ActiveRecord: 0.0ms)


Started GET "/items" for ::1 at 2016-05-24 15:15:10 -0600
Processing by ItemsController#index as HTML
  [1m[35mItem Load (0.6ms)[0m  SELECT "items".* FROM "items"
  Rendered items/index.html.erb within layouts/application (11.5ms)
  Rendered layouts/_navbar.html.erb (0.2ms)
Completed 200 OK in 39ms (Views: 30.4ms | ActiveRecord: 5.6ms)


Started GET "/about" for ::1 at 2016-05-24 15:15:12 -0600
Processing by StaticPagesController#about as HTML
  Rendered static_pages/about.html.erb within layouts/application (0.1ms)
  Rendered layouts/_navbar.html.erb (0.4ms)
Completed 200 OK in 21ms (Views: 20.4ms | ActiveRecord: 0.0ms)


Started GET "/" for ::1 at 2016-05-24 15:15:12 -0600
Processing by StaticPagesController#home as HTML
  Rendered static_pages/home.html.erb within layouts/application (0.1ms)
  Rendered layouts/_navbar.html.erb (0.2ms)
Completed 200 OK in 21ms (Views: 19.9ms | ActiveRecord: 0.0ms)


Started GET "/items" for ::1 at 2016-05-24 15:15:13 -0600
Processing by ItemsController#index as HTML
  [1m[36mItem Load (0.4ms)[0m  [1mSELECT "items".* FROM "items"[0m
  Rendered items/index.html.erb within layouts/application (1.3ms)
  Rendered layouts/_navbar.html.erb (0.2ms)
Completed 200 OK in 25ms (Views: 23.7ms | ActiveRecord: 0.4ms)


Started GET "/items/new" for ::1 at 2016-05-24 15:15:18 -0600
Processing by ItemsController#new as HTML
  Rendered items/new.html.erb within layouts/application (29.7ms)
  Rendered layouts/_navbar.html.erb (0.2ms)
Completed 200 OK in 52ms (Views: 51.0ms | ActiveRecord: 0.0ms)


Started POST "/items" for ::1 at 2016-05-24 15:15:32 -0600
Processing by ItemsController#create as HTML
  Parameters: {"utf8"=>"✓", "authenticity_token"=>"pTkCUnDxuCfqRMMfMbmLX0WQEzrhlI6BdayozVfYTMfbuAfkBrlGT4kYl9UsnKvQY0q64WsaCTY0WJrGtrg2dw==", "item"=>{"name"=>"Buy Groceries", "description"=>"Go to Smith's, get some snacks"}, "commit"=>"Create Item"}
  [1m[35m (0.2ms)[0m  BEGIN
  [1m[36mSQL (1.5ms)[0m  [1mINSERT INTO "items" ("name", "description", "created_at", "updated_at") VALUES ($1, $2, $3, $4) RETURNING "id"[0m  [["name", "Buy Groceries"], ["description", "Go to Smith's, get some snacks"], ["created_at", "2016-05-24 21:15:32.473191"], ["updated_at", "2016-05-24 21:15:32.473191"]]
  [1m[35m (1.0ms)[0m  COMMIT
Redirected to http://localhost:3000/items
Completed 302 Found in 12ms (ActiveRecord: 3.1ms)


Started GET "/items" for ::1 at 2016-05-24 15:15:32 -0600
Processing by ItemsController#index as HTML
  [1m[36mItem Load (0.6ms)[0m  [1mSELECT "items".* FROM "items"[0m
  Rendered items/index.html.erb within layouts/application (3.5ms)
  Rendered layouts/_navbar.html.erb (0.8ms)
Completed 200 OK in 46ms (Views: 44.7ms | ActiveRecord: 0.6ms)


Started GET "/items" for ::1 at 2016-05-24 15:15:37 -0600
Processing by ItemsController#index as HTML
  [1m[35mItem Load (0.4ms)[0m  SELECT "items".* FROM "items"
  Rendered items/index.html.erb within layouts/application (1.5ms)
  Rendered layouts/_navbar.html.erb (0.2ms)
Completed 200 OK in 27ms (Views: 25.4ms | ActiveRecord: 0.4ms)


Started GET "/items/new" for ::1 at 2016-05-24 15:15:43 -0600
Processing by ItemsController#new as HTML
  Rendered items/new.html.erb within layouts/application (1.4ms)
  Rendered layouts/_navbar.html.erb (0.2ms)
Completed 200 OK in 25ms (Views: 24.2ms | ActiveRecord: 0.0ms)


Started POST "/items" for ::1 at 2016-05-24 15:16:02 -0600
Processing by ItemsController#create as HTML
  Parameters: {"utf8"=>"✓", "authenticity_token"=>"Bez1cn+bHcMAqsn41ekHCP75zLy9dVeUuwgIvO3eC4R7bfDECdPjq2P2nTLIzCeH2CNlZzf70CP6/Dq3DL5xNA==", "item"=>{"name"=>"Walk the Dog", "description"=>"Take Air Bud to the park and shoot some hoops"}, "commit"=>"Create Item"}
  [1m[36m (0.2ms)[0m  [1mBEGIN[0m
  [1m[35mSQL (0.3ms)[0m  INSERT INTO "items" ("name", "description", "created_at", "updated_at") VALUES ($1, $2, $3, $4) RETURNING "id"  [["name", "Walk the Dog"], ["description", "Take Air Bud to the park and shoot some hoops"], ["created_at", "2016-05-24 21:16:02.233173"], ["updated_at", "2016-05-24 21:16:02.233173"]]
  [1m[36m (0.6ms)[0m  [1mCOMMIT[0m
Redirected to http://localhost:3000/items
Completed 302 Found in 4ms (ActiveRecord: 1.1ms)


Started GET "/items" for ::1 at 2016-05-24 15:16:02 -0600
Processing by ItemsController#index as HTML
  [1m[35mItem Load (0.4ms)[0m  SELECT "items".* FROM "items"
  Rendered items/index.html.erb within layouts/application (2.2ms)
  Rendered layouts/_navbar.html.erb (0.3ms)
Completed 200 OK in 25ms (Views: 23.8ms | ActiveRecord: 0.4ms)


Started DELETE "/items/3" for ::1 at 2016-05-24 15:16:05 -0600
Processing by ItemsController#destroy as HTML
  Parameters: {"authenticity_token"=>"iI+vQLCwlL9fdW/XVxAY2ortG6FNgg/SKQbzofhn9Qr2Dqr2xvhq1zwpOx1KNThVrDeyescMiGVo8sGqGQePug==", "id"=>"3"}
  [1m[36mItem Load (0.5ms)[0m  [1mSELECT  "items".* FROM "items" WHERE "items"."id" = $1 LIMIT 1[0m  [["id", 3]]
  [1m[35m (0.1ms)[0m  BEGIN
  [1m[36mSQL (0.3ms)[0m  [1mDELETE FROM "items" WHERE "items"."id" = $1[0m  [["id", 3]]
  [1m[35m (0.4ms)[0m  COMMIT
Redirected to http://localhost:3000/items
Completed 302 Found in 23ms (ActiveRecord: 1.4ms)


Started GET "/items" for ::1 at 2016-05-24 15:16:05 -0600
Processing by ItemsController#index as HTML
  [1m[36mItem Load (0.4ms)[0m  [1mSELECT "items".* FROM "items"[0m
  Rendered items/index.html.erb within layouts/application (1.6ms)
  Rendered layouts/_navbar.html.erb (0.3ms)
Completed 200 OK in 39ms (Views: 37.5ms | ActiveRecord: 0.4ms)


Started GET "/" for ::1 at 2016-05-24 15:27:01 -0600
  [1m[36mActiveRecord::SchemaMigration Load (1.0ms)[0m  [1mSELECT "schema_migrations".* FROM "schema_migrations"[0m
Processing by StaticPagesController#home as HTML
  Rendered static_pages/home.html.erb within layouts/application (2.4ms)
  Rendered layouts/_navbar.html.erb (1.1ms)
Completed 200 OK in 371ms (Views: 361.0ms | ActiveRecord: 0.0ms)


Started GET "/" for ::1 at 2016-05-24 15:28:25 -0600
Processing by StaticPagesController#home as HTML
  Rendered static_pages/home.html.erb within layouts/application (0.5ms)
  Rendered layouts/_navbar.html.erb (0.4ms)
Completed 200 OK in 39ms (Views: 38.2ms | ActiveRecord: 0.0ms)


Started GET "/assets/items.self-e3b0c44298fc1c149afbf4c8996fb92427ae41e4649b934ca495991b7852b855.css?body=1" for ::1 at 2016-05-24 15:28:25 -0600


Started GET "/assets/static_pages.self-e3b0c44298fc1c149afbf4c8996fb92427ae41e4649b934ca495991b7852b855.css?body=1" for ::1 at 2016-05-24 15:28:25 -0600


Started GET "/assets/jquery.self-660adc51e0224b731d29f575a6f1ec167ba08ad06ed5deca4f1e8654c135bf4c.js?body=1" for ::1 at 2016-05-24 15:28:25 -0600


Started GET "/assets/application.self-e80e8f2318043e8af94dddc2adad5a4f09739a8ebb323b3ab31cd71d45fd9113.css?body=1" for ::1 at 2016-05-24 15:28:25 -0600


Started GET "/assets/turbolinks.self-c37727e9bd6b2735da5c311aa83fead54ed0be6cc8bd9a65309e9c5abe2cbfff.js?body=1" for ::1 at 2016-05-24 15:28:25 -0600


Started GET "/assets/jquery_ujs.self-e87806d0cf4489aeb1bb7288016024e8de67fd18db693fe026fe3907581e53cd.js?body=1" for ::1 at 2016-05-24 15:28:25 -0600


Started GET "/assets/items.self-877aef30ae1b040ab8a3aba4e3e309a11d7f2612f44dde450b5c157aa5f95c05.js?body=1" for ::1 at 2016-05-24 15:28:25 -0600


Started GET "/assets/static_pages.self-877aef30ae1b040ab8a3aba4e3e309a11d7f2612f44dde450b5c157aa5f95c05.js?body=1" for ::1 at 2016-05-24 15:28:25 -0600


Started GET "/assets/application.self-3b8dabdc891efe46b9a144b400ad69e37d7e5876bdc39dee783419a69d7ca819.js?body=1" for ::1 at 2016-05-24 15:28:25 -0600


Started GET "/" for ::1 at 2016-05-24 15:29:05 -0600
Processing by StaticPagesController#home as HTML
  Rendered static_pages/home.html.erb within layouts/application (0.4ms)
  Rendered layouts/_navbar.html.erb (0.4ms)
Completed 200 OK in 59ms (Views: 58.1ms | ActiveRecord: 0.0ms)


Started GET "/assets/items.self-e3b0c44298fc1c149afbf4c8996fb92427ae41e4649b934ca495991b7852b855.css?body=1" for ::1 at 2016-05-24 15:29:05 -0600


Started GET "/assets/static_pages.self-e3b0c44298fc1c149afbf4c8996fb92427ae41e4649b934ca495991b7852b855.css?body=1" for ::1 at 2016-05-24 15:29:05 -0600


Started GET "/assets/application.self-e80e8f2318043e8af94dddc2adad5a4f09739a8ebb323b3ab31cd71d45fd9113.css?body=1" for ::1 at 2016-05-24 15:29:05 -0600


Started GET "/assets/jquery.self-660adc51e0224b731d29f575a6f1ec167ba08ad06ed5deca4f1e8654c135bf4c.js?body=1" for ::1 at 2016-05-24 15:29:05 -0600


Started GET "/assets/jquery_ujs.self-e87806d0cf4489aeb1bb7288016024e8de67fd18db693fe026fe3907581e53cd.js?body=1" for ::1 at 2016-05-24 15:29:05 -0600


Started GET "/assets/turbolinks.self-c37727e9bd6b2735da5c311aa83fead54ed0be6cc8bd9a65309e9c5abe2cbfff.js?body=1" for ::1 at 2016-05-24 15:29:05 -0600


Started GET "/assets/static_pages.self-877aef30ae1b040ab8a3aba4e3e309a11d7f2612f44dde450b5c157aa5f95c05.js?body=1" for ::1 at 2016-05-24 15:29:05 -0600


Started GET "/assets/items.self-877aef30ae1b040ab8a3aba4e3e309a11d7f2612f44dde450b5c157aa5f95c05.js?body=1" for ::1 at 2016-05-24 15:29:05 -0600


Started GET "/assets/application.self-3b8dabdc891efe46b9a144b400ad69e37d7e5876bdc39dee783419a69d7ca819.js?body=1" for ::1 at 2016-05-24 15:29:06 -0600


Started GET "/items/new" for ::1 at 2016-05-24 15:29:06 -0600
Processing by ItemsController#new as HTML
  Rendered items/new.html.erb within layouts/application (25.0ms)
  Rendered layouts/_navbar.html.erb (0.6ms)
Completed 200 OK in 70ms (Views: 50.4ms | ActiveRecord: 9.0ms)


Started GET "/items" for ::1 at 2016-05-24 15:29:39 -0600
Processing by ItemsController#index as HTML
  [1m[35mItem Load (0.9ms)[0m  SELECT "items".* FROM "items"
  Rendered items/index.html.erb within layouts/application (3.4ms)
  Rendered layouts/_navbar.html.erb (0.2ms)
Completed 200 OK in 36ms (Views: 33.3ms | ActiveRecord: 0.9ms)


Started GET "/items/1" for ::1 at 2016-05-24 15:29:40 -0600
Processing by ItemsController#show as HTML
  Parameters: {"id"=>"1"}
  [1m[36mItem Load (0.6ms)[0m  [1mSELECT  "items".* FROM "items" WHERE "items"."id" = $1 LIMIT 1[0m  [["id", 1]]
  Rendered items/show.html.erb within layouts/application (37.1ms)
Completed 500 Internal Server Error in 68ms (ActiveRecord: 0.9ms)

ActionView::Template::Error (undefined local variable or method `item' for #<#<Class:0x007ffad7402cf0>:0x007ffad3ccc8a8>
Did you mean?  @item):
    1: <h1>Item</h1>
    2: 
    3: <h2><%= item.name %></h2>
    4: <h3><%= item.description %></h3>
    5: <h3><%= item.complete %></h3>
    6: <%= link_to 'Back', items_path %>
  app/views/items/show.html.erb:3:in `_app_views_items_show_html_erb__2966687156306242933_70357664266720'


  Rendered /Users/tomlynam/.rbenv/versions/2.3.1/lib/ruby/gems/2.3.0/gems/actionpack-4.2.6/lib/action_dispatch/middleware/templates/rescues/_source.erb (7.0ms)
  Rendered /Users/tomlynam/.rbenv/versions/2.3.1/lib/ruby/gems/2.3.0/gems/actionpack-4.2.6/lib/action_dispatch/middleware/templates/rescues/_trace.html.erb (3.9ms)
  Rendered /Users/tomlynam/.rbenv/versions/2.3.1/lib/ruby/gems/2.3.0/gems/actionpack-4.2.6/lib/action_dispatch/middleware/templates/rescues/_request_and_response.html.erb (1.5ms)
  Rendered /Users/tomlynam/.rbenv/versions/2.3.1/lib/ruby/gems/2.3.0/gems/actionpack-4.2.6/lib/action_dispatch/middleware/templates/rescues/template_error.html.erb within rescues/layout (87.0ms)
  Rendered /Users/tomlynam/.rbenv/versions/2.3.1/lib/ruby/gems/2.3.0/gems/web-console-2.3.0/lib/web_console/templates/_markup.html.erb (0.8ms)
  Rendered /Users/tomlynam/.rbenv/versions/2.3.1/lib/ruby/gems/2.3.0/gems/web-console-2.3.0/lib/web_console/templates/_inner_console_markup.html.erb within layouts/inlined_string (0.4ms)
  Rendered /Users/tomlynam/.rbenv/versions/2.3.1/lib/ruby/gems/2.3.0/gems/web-console-2.3.0/lib/web_console/templates/_prompt_box_markup.html.erb within layouts/inlined_string (0.7ms)
  Rendered /Users/tomlynam/.rbenv/versions/2.3.1/lib/ruby/gems/2.3.0/gems/web-console-2.3.0/lib/web_console/templates/style.css.erb within layouts/inlined_string (0.4ms)
  Rendered /Users/tomlynam/.rbenv/versions/2.3.1/lib/ruby/gems/2.3.0/gems/web-console-2.3.0/lib/web_console/templates/console.js.erb within layouts/javascript (83.8ms)
  Rendered /Users/tomlynam/.rbenv/versions/2.3.1/lib/ruby/gems/2.3.0/gems/web-console-2.3.0/lib/web_console/templates/main.js.erb within layouts/javascript (0.3ms)
  Rendered /Users/tomlynam/.rbenv/versions/2.3.1/lib/ruby/gems/2.3.0/gems/web-console-2.3.0/lib/web_console/templates/error_page.js.erb within layouts/javascript (0.5ms)
  Rendered /Users/tomlynam/.rbenv/versions/2.3.1/lib/ruby/gems/2.3.0/gems/web-console-2.3.0/lib/web_console/templates/index.html.erb (175.3ms)


Started GET "/items/1" for ::1 at 2016-05-24 15:29:41 -0600
Processing by ItemsController#show as HTML
  Parameters: {"id"=>"1"}
  [1m[35mItem Load (0.5ms)[0m  SELECT  "items".* FROM "items" WHERE "items"."id" = $1 LIMIT 1  [["id", 1]]
  Rendered items/show.html.erb within layouts/application (34.9ms)
Completed 500 Internal Server Error in 43ms (ActiveRecord: 0.5ms)

ActionView::Template::Error (undefined local variable or method `item' for #<#<Class:0x007ffad7402cf0>:0x007ffad74e7210>
Did you mean?  @item):
    1: <h1>Item</h1>
    2: 
    3: <h2><%= item.name %></h2>
    4: <h3><%= item.description %></h3>
    5: <h3><%= item.complete %></h3>
    6: <%= link_to 'Back', items_path %>
  app/views/items/show.html.erb:3:in `_app_views_items_show_html_erb__2966687156306242933_70357665394520'


  Rendered /Users/tomlynam/.rbenv/versions/2.3.1/lib/ruby/gems/2.3.0/gems/actionpack-4.2.6/lib/action_dispatch/middleware/templates/rescues/_source.erb (5.2ms)
  Rendered /Users/tomlynam/.rbenv/versions/2.3.1/lib/ruby/gems/2.3.0/gems/actionpack-4.2.6/lib/action_dispatch/middleware/templates/rescues/_trace.html.erb (2.6ms)
  Rendered /Users/tomlynam/.rbenv/versions/2.3.1/lib/ruby/gems/2.3.0/gems/actionpack-4.2.6/lib/action_dispatch/middleware/templates/rescues/_request_and_response.html.erb (1.1ms)
  Rendered /Users/tomlynam/.rbenv/versions/2.3.1/lib/ruby/gems/2.3.0/gems/actionpack-4.2.6/lib/action_dispatch/middleware/templates/rescues/template_error.html.erb within rescues/layout (88.0ms)
  Rendered /Users/tomlynam/.rbenv/versions/2.3.1/lib/ruby/gems/2.3.0/gems/web-console-2.3.0/lib/web_console/templates/_markup.html.erb (0.5ms)
  Rendered /Users/tomlynam/.rbenv/versions/2.3.1/lib/ruby/gems/2.3.0/gems/web-console-2.3.0/lib/web_console/templates/_inner_console_markup.html.erb within layouts/inlined_string (0.4ms)
  Rendered /Users/tomlynam/.rbenv/versions/2.3.1/lib/ruby/gems/2.3.0/gems/web-console-2.3.0/lib/web_console/templates/_prompt_box_markup.html.erb within layouts/inlined_string (0.5ms)
  Rendered /Users/tomlynam/.rbenv/versions/2.3.1/lib/ruby/gems/2.3.0/gems/web-console-2.3.0/lib/web_console/templates/style.css.erb within layouts/inlined_string (0.5ms)
  Rendered /Users/tomlynam/.rbenv/versions/2.3.1/lib/ruby/gems/2.3.0/gems/web-console-2.3.0/lib/web_console/templates/console.js.erb within layouts/javascript (65.5ms)
  Rendered /Users/tomlynam/.rbenv/versions/2.3.1/lib/ruby/gems/2.3.0/gems/web-console-2.3.0/lib/web_console/templates/main.js.erb within layouts/javascript (0.3ms)
  Rendered /Users/tomlynam/.rbenv/versions/2.3.1/lib/ruby/gems/2.3.0/gems/web-console-2.3.0/lib/web_console/templates/error_page.js.erb within layouts/javascript (0.8ms)
  Rendered /Users/tomlynam/.rbenv/versions/2.3.1/lib/ruby/gems/2.3.0/gems/web-console-2.3.0/lib/web_console/templates/index.html.erb (143.1ms)


Started GET "/items/" for ::1 at 2016-05-24 15:30:09 -0600
Processing by ItemsController#index as HTML
  [1m[36mItem Load (0.4ms)[0m  [1mSELECT "items".* FROM "items"[0m
  Rendered items/index.html.erb within layouts/application (2.5ms)
  Rendered layouts/_navbar.html.erb (0.3ms)
Completed 200 OK in 37ms (Views: 35.9ms | ActiveRecord: 0.4ms)


Started GET "/items/1" for ::1 at 2016-05-24 15:30:10 -0600
Processing by ItemsController#show as HTML
  Parameters: {"id"=>"1"}
  [1m[35mItem Load (0.4ms)[0m  SELECT  "items".* FROM "items" WHERE "items"."id" = $1 LIMIT 1  [["id", 1]]
  Rendered items/show.html.erb within layouts/application (0.7ms)
  Rendered layouts/_navbar.html.erb (0.2ms)
Completed 200 OK in 25ms (Views: 22.5ms | ActiveRecord: 0.4ms)


Started GET "/items" for ::1 at 2016-05-24 15:30:13 -0600
Processing by ItemsController#index as HTML
  [1m[36mItem Load (0.5ms)[0m  [1mSELECT "items".* FROM "items"[0m
  Rendered items/index.html.erb within layouts/application (2.4ms)
  Rendered layouts/_navbar.html.erb (0.2ms)
Completed 200 OK in 29ms (Views: 27.9ms | ActiveRecord: 0.5ms)


Started GET "/about" for ::1 at 2016-05-24 15:30:15 -0600
Processing by StaticPagesController#about as HTML
  Rendered static_pages/about.html.erb within layouts/application (0.5ms)
  Rendered layouts/_navbar.html.erb (0.2ms)
Completed 200 OK in 24ms (Views: 23.0ms | ActiveRecord: 0.0ms)


Started GET "/items" for ::1 at 2016-05-24 15:30:16 -0600
Processing by ItemsController#index as HTML
  [1m[35mItem Load (0.4ms)[0m  SELECT "items".* FROM "items"
  Rendered items/index.html.erb within layouts/application (1.6ms)
  Rendered layouts/_navbar.html.erb (0.2ms)
Completed 200 OK in 24ms (Views: 22.8ms | ActiveRecord: 0.4ms)


Started GET "/" for ::1 at 2016-05-24 15:30:24 -0600
Processing by StaticPagesController#home as HTML
  Rendered static_pages/home.html.erb within layouts/application (0.5ms)
  Rendered layouts/_navbar.html.erb (0.3ms)
Completed 200 OK in 25ms (Views: 24.2ms | ActiveRecord: 0.0ms)


Started GET "/items" for ::1 at 2016-05-24 15:30:25 -0600
Processing by ItemsController#index as HTML
  [1m[36mItem Load (0.4ms)[0m  [1mSELECT "items".* FROM "items"[0m
  Rendered items/index.html.erb within layouts/application (1.6ms)
  Rendered layouts/_navbar.html.erb (0.3ms)
Completed 200 OK in 23ms (Views: 21.8ms | ActiveRecord: 0.4ms)


Started GET "/items" for ::1 at 2016-05-24 15:32:17 -0600
Processing by ItemsController#index as HTML
  [1m[35mItem Load (0.4ms)[0m  SELECT "items".* FROM "items"
  Rendered items/index.html.erb within layouts/application (2.5ms)
  Rendered layouts/_navbar.html.erb (0.3ms)
Completed 200 OK in 34ms (Views: 31.9ms | ActiveRecord: 0.4ms)


Started GET "/assets/items.self-e3b0c44298fc1c149afbf4c8996fb92427ae41e4649b934ca495991b7852b855.css?body=1" for ::1 at 2016-05-24 15:32:18 -0600


Started GET "/assets/static_pages.self-e3b0c44298fc1c149afbf4c8996fb92427ae41e4649b934ca495991b7852b855.css?body=1" for ::1 at 2016-05-24 15:32:18 -0600


Started GET "/assets/application.self-e80e8f2318043e8af94dddc2adad5a4f09739a8ebb323b3ab31cd71d45fd9113.css?body=1" for ::1 at 2016-05-24 15:32:18 -0600


Started GET "/assets/jquery.self-660adc51e0224b731d29f575a6f1ec167ba08ad06ed5deca4f1e8654c135bf4c.js?body=1" for ::1 at 2016-05-24 15:32:18 -0600


Started GET "/assets/jquery_ujs.self-e87806d0cf4489aeb1bb7288016024e8de67fd18db693fe026fe3907581e53cd.js?body=1" for ::1 at 2016-05-24 15:32:18 -0600


Started GET "/assets/turbolinks.self-c37727e9bd6b2735da5c311aa83fead54ed0be6cc8bd9a65309e9c5abe2cbfff.js?body=1" for ::1 at 2016-05-24 15:32:18 -0600


Started GET "/assets/items.self-877aef30ae1b040ab8a3aba4e3e309a11d7f2612f44dde450b5c157aa5f95c05.js?body=1" for ::1 at 2016-05-24 15:32:18 -0600


Started GET "/assets/application.self-3b8dabdc891efe46b9a144b400ad69e37d7e5876bdc39dee783419a69d7ca819.js?body=1" for ::1 at 2016-05-24 15:32:18 -0600


Started GET "/assets/static_pages.self-877aef30ae1b040ab8a3aba4e3e309a11d7f2612f44dde450b5c157aa5f95c05.js?body=1" for ::1 at 2016-05-24 15:32:18 -0600


Started GET "/items" for ::1 at 2016-05-24 15:32:29 -0600
Processing by ItemsController#index as HTML
  [1m[36mItem Load (0.5ms)[0m  [1mSELECT "items".* FROM "items"[0m
  Rendered items/index.html.erb within layouts/application (2.5ms)
  Rendered layouts/_navbar.html.erb (0.2ms)
Completed 200 OK in 23ms (Views: 22.3ms | ActiveRecord: 0.5ms)


Started GET "/assets/items.self-e3b0c44298fc1c149afbf4c8996fb92427ae41e4649b934ca495991b7852b855.css?body=1" for ::1 at 2016-05-24 15:32:29 -0600


Started GET "/assets/static_pages.self-e3b0c44298fc1c149afbf4c8996fb92427ae41e4649b934ca495991b7852b855.css?body=1" for ::1 at 2016-05-24 15:32:29 -0600


Started GET "/assets/turbolinks.self-c37727e9bd6b2735da5c311aa83fead54ed0be6cc8bd9a65309e9c5abe2cbfff.js?body=1" for ::1 at 2016-05-24 15:32:29 -0600


Started GET "/assets/application.self-e80e8f2318043e8af94dddc2adad5a4f09739a8ebb323b3ab31cd71d45fd9113.css?body=1" for ::1 at 2016-05-24 15:32:29 -0600


Started GET "/assets/jquery_ujs.self-e87806d0cf4489aeb1bb7288016024e8de67fd18db693fe026fe3907581e53cd.js?body=1" for ::1 at 2016-05-24 15:32:29 -0600


Started GET "/assets/jquery.self-660adc51e0224b731d29f575a6f1ec167ba08ad06ed5deca4f1e8654c135bf4c.js?body=1" for ::1 at 2016-05-24 15:32:29 -0600


Started GET "/assets/items.self-877aef30ae1b040ab8a3aba4e3e309a11d7f2612f44dde450b5c157aa5f95c05.js?body=1" for ::1 at 2016-05-24 15:32:29 -0600


Started GET "/assets/static_pages.self-877aef30ae1b040ab8a3aba4e3e309a11d7f2612f44dde450b5c157aa5f95c05.js?body=1" for ::1 at 2016-05-24 15:32:29 -0600


Started GET "/assets/application.self-3b8dabdc891efe46b9a144b400ad69e37d7e5876bdc39dee783419a69d7ca819.js?body=1" for ::1 at 2016-05-24 15:32:29 -0600


Started GET "/" for ::1 at 2016-05-24 15:32:32 -0600
Processing by StaticPagesController#home as HTML
  Rendered static_pages/home.html.erb within layouts/application (0.0ms)
  Rendered layouts/_navbar.html.erb (0.3ms)
Completed 200 OK in 20ms (Views: 19.7ms | ActiveRecord: 0.0ms)


Started GET "/items/new" for ::1 at 2016-05-24 15:32:33 -0600
Processing by ItemsController#new as HTML
  Rendered items/new.html.erb within layouts/application (3.0ms)
  Rendered layouts/_navbar.html.erb (0.3ms)
Completed 200 OK in 35ms (Views: 34.0ms | ActiveRecord: 0.0ms)


Started GET "/items" for ::1 at 2016-05-24 15:32:37 -0600
Processing by ItemsController#index as HTML
  [1m[35mItem Load (0.4ms)[0m  SELECT "items".* FROM "items"
  Rendered items/index.html.erb within layouts/application (2.2ms)
  Rendered layouts/_navbar.html.erb (0.2ms)
Completed 200 OK in 23ms (Views: 22.0ms | ActiveRecord: 0.4ms)


Started GET "/" for ::1 at 2016-05-24 15:33:17 -0600
Processing by StaticPagesController#home as HTML
  Rendered static_pages/home.html.erb within layouts/application (0.1ms)
  Rendered layouts/_navbar.html.erb (0.5ms)
Completed 200 OK in 36ms (Views: 35.7ms | ActiveRecord: 0.0ms)


Started GET "/items/new" for ::1 at 2016-05-24 15:33:18 -0600
Processing by ItemsController#new as HTML
  Rendered items/new.html.erb within layouts/application (2.2ms)
  Rendered layouts/_navbar.html.erb (0.3ms)
Completed 200 OK in 39ms (Views: 29.2ms | ActiveRecord: 3.5ms)


Started GET "/" for ::1 at 2016-05-24 15:33:20 -0600
Processing by StaticPagesController#home as HTML
  Rendered static_pages/home.html.erb within layouts/application (0.1ms)
  Rendered layouts/_navbar.html.erb (0.3ms)
Completed 200 OK in 23ms (Views: 21.8ms | ActiveRecord: 0.0ms)


Started GET "/" for ::1 at 2016-05-24 15:34:15 -0600
Processing by StaticPagesController#home as HTML
  Rendered static_pages/home.html.erb within layouts/application (0.7ms)
  Rendered layouts/_navbar.html.erb (0.4ms)
Completed 200 OK in 45ms (Views: 44.4ms | ActiveRecord: 0.0ms)


Started GET "/assets/items.self-e3b0c44298fc1c149afbf4c8996fb92427ae41e4649b934ca495991b7852b855.css?body=1" for ::1 at 2016-05-24 15:34:15 -0600


Started GET "/assets/static_pages.self-e3b0c44298fc1c149afbf4c8996fb92427ae41e4649b934ca495991b7852b855.css?body=1" for ::1 at 2016-05-24 15:34:15 -0600


Started GET "/assets/turbolinks.self-c37727e9bd6b2735da5c311aa83fead54ed0be6cc8bd9a65309e9c5abe2cbfff.js?body=1" for ::1 at 2016-05-24 15:34:15 -0600


Started GET "/assets/application.self-e80e8f2318043e8af94dddc2adad5a4f09739a8ebb323b3ab31cd71d45fd9113.css?body=1" for ::1 at 2016-05-24 15:34:15 -0600


Started GET "/assets/jquery_ujs.self-e87806d0cf4489aeb1bb7288016024e8de67fd18db693fe026fe3907581e53cd.js?body=1" for ::1 at 2016-05-24 15:34:15 -0600


Started GET "/assets/items.self-877aef30ae1b040ab8a3aba4e3e309a11d7f2612f44dde450b5c157aa5f95c05.js?body=1" for ::1 at 2016-05-24 15:34:15 -0600


Started GET "/assets/jquery.self-660adc51e0224b731d29f575a6f1ec167ba08ad06ed5deca4f1e8654c135bf4c.js?body=1" for ::1 at 2016-05-24 15:34:15 -0600


Started GET "/assets/static_pages.self-877aef30ae1b040ab8a3aba4e3e309a11d7f2612f44dde450b5c157aa5f95c05.js?body=1" for ::1 at 2016-05-24 15:34:15 -0600


Started GET "/assets/application.self-3b8dabdc891efe46b9a144b400ad69e37d7e5876bdc39dee783419a69d7ca819.js?body=1" for ::1 at 2016-05-24 15:34:15 -0600


Started GET "/items" for ::1 at 2016-05-24 15:34:16 -0600
Processing by ItemsController#index as HTML
  [1m[36mItem Load (0.4ms)[0m  [1mSELECT "items".* FROM "items"[0m
  Rendered items/index.html.erb within layouts/application (2.0ms)
  Rendered layouts/_navbar.html.erb (0.2ms)
Completed 200 OK in 25ms (Views: 24.0ms | ActiveRecord: 0.4ms)


Started GET "/items/new" for ::1 at 2016-05-24 15:34:19 -0600
Processing by ItemsController#new as HTML
  Rendered items/new.html.erb within layouts/application (2.7ms)
  Rendered layouts/_navbar.html.erb (0.2ms)
Completed 200 OK in 33ms (Views: 32.7ms | ActiveRecord: 0.0ms)


Started GET "/" for ::1 at 2016-05-24 15:34:21 -0600
Processing by StaticPagesController#home as HTML
  Rendered static_pages/home.html.erb within layouts/application (0.3ms)
  Rendered layouts/_navbar.html.erb (0.5ms)
Completed 200 OK in 25ms (Views: 24.6ms | ActiveRecord: 0.0ms)


Started GET "/" for ::1 at 2016-05-24 15:41:03 -0600
  [1m[36mActiveRecord::SchemaMigration Load (0.6ms)[0m  [1mSELECT "schema_migrations".* FROM "schema_migrations"[0m
Processing by StaticPagesController#home as HTML
  Rendered static_pages/home.html.erb within layouts/application (1.8ms)
  Rendered layouts/_navbar.html.erb (1.2ms)
Completed 200 OK in 397ms (Views: 383.3ms | ActiveRecord: 0.0ms)


Started GET "/items" for ::1 at 2016-05-24 15:41:04 -0600
Processing by ItemsController#index as HTML
  [1m[35mItem Load (1.0ms)[0m  SELECT "items".* FROM "items"
  Rendered items/index.html.erb within layouts/application (14.7ms)
  Rendered layouts/_navbar.html.erb (1.3ms)
Completed 200 OK in 48ms (Views: 37.7ms | ActiveRecord: 7.6ms)


Started GET "/items/1/edit" for ::1 at 2016-05-24 15:41:06 -0600
Processing by ItemsController#edit as HTML
  Parameters: {"id"=>"1"}
  [1m[36mItem Load (0.7ms)[0m  [1mSELECT  "items".* FROM "items" WHERE "items"."id" = $1 LIMIT 1[0m  [["id", 1]]
  Rendered items/edit.html.erb within layouts/application (31.7ms)
  Rendered layouts/_navbar.html.erb (0.2ms)
Completed 200 OK in 99ms (Views: 73.9ms | ActiveRecord: 1.0ms)


Started GET "/items" for ::1 at 2016-05-24 15:41:16 -0600
Processing by ItemsController#index as HTML
  [1m[35mItem Load (0.4ms)[0m  SELECT "items".* FROM "items"
  Rendered items/index.html.erb within layouts/application (1.9ms)
  Rendered layouts/_navbar.html.erb (0.4ms)
Completed 200 OK in 24ms (Views: 23.2ms | ActiveRecord: 0.4ms)


Started GET "/" for ::1 at 2016-05-24 15:41:17 -0600
Processing by StaticPagesController#home as HTML
  Rendered static_pages/home.html.erb within layouts/application (0.7ms)
  Rendered layouts/_navbar.html.erb (0.3ms)
Completed 200 OK in 25ms (Views: 24.4ms | ActiveRecord: 0.0ms)


Started GET "/items/new" for ::1 at 2016-05-24 15:41:18 -0600
Processing by ItemsController#new as HTML
  Rendered items/new.html.erb within layouts/application (5.9ms)
  Rendered layouts/_navbar.html.erb (0.3ms)
Completed 200 OK in 40ms (Views: 39.5ms | ActiveRecord: 0.0ms)


Started GET "/" for ::1 at 2016-05-24 15:47:27 -0600
  [1m[36mActiveRecord::SchemaMigration Load (0.8ms)[0m  [1mSELECT "schema_migrations".* FROM "schema_migrations"[0m
Processing by StaticPagesController#home as HTML
  Rendered static_pages/home.html.erb within layouts/application (2.1ms)
  Rendered layouts/_navbar.html.erb (1.2ms)
Completed 200 OK in 378ms (Views: 366.8ms | ActiveRecord: 0.0ms)


Started GET "/items/new" for ::1 at 2016-05-24 15:47:29 -0600
Processing by ItemsController#new as HTML
  Rendered items/new.html.erb within layouts/application (34.2ms)
  Rendered layouts/_navbar.html.erb (1.0ms)
Completed 200 OK in 73ms (Views: 60.3ms | ActiveRecord: 4.4ms)


Started GET "/items/new" for ::1 at 2016-05-24 15:47:58 -0600
  [1m[36mActiveRecord::SchemaMigration Load (0.6ms)[0m  [1mSELECT "schema_migrations".* FROM "schema_migrations"[0m
Processing by ItemsController#new as HTML
  Rendered items/new.html.erb within layouts/application (16.8ms)
  Rendered layouts/_navbar.html.erb (1.1ms)
Completed 200 OK in 409ms (Views: 382.4ms | ActiveRecord: 6.3ms)


Started GET "/" for ::1 at 2016-05-24 15:48:40 -0600
  [1m[36mActiveRecord::SchemaMigration Load (0.6ms)[0m  [1mSELECT "schema_migrations".* FROM "schema_migrations"[0m
Processing by StaticPagesController#home as HTML
  Rendered static_pages/home.html.erb within layouts/application (2.6ms)
  Rendered layouts/_navbar.html.erb (1.2ms)
Completed 200 OK in 382ms (Views: 371.1ms | ActiveRecord: 0.0ms)


Started GET "/items/new" for ::1 at 2016-05-24 15:48:42 -0600
Processing by ItemsController#new as HTML
  Rendered items/new.html.erb within layouts/application (31.3ms)
  Rendered layouts/_navbar.html.erb (1.3ms)
Completed 200 OK in 78ms (Views: 64.0ms | ActiveRecord: 5.9ms)


Started POST "/items" for ::1 at 2016-05-24 15:48:54 -0600
Processing by ItemsController#create as HTML
  Parameters: {"utf8"=>"✓", "authenticity_token"=>"sABETIrtIoeUUuk9gjw28Y4rJqXBTWQCMdXZeAZ2YmjOgUH6/KXc7/cOvfefGRZ+qPGPfkvD47VwIetz5xYY2A==", "item"=>{"name"=>"Water the lawn", "description"=>"Turn on the sprinkler", "complete"=>""}, "commit"=>"Create Item"}
  [1m[35m (0.2ms)[0m  BEGIN
  [1m[36mSQL (1.6ms)[0m  [1mINSERT INTO "items" ("name", "description", "created_at", "updated_at") VALUES ($1, $2, $3, $4) RETURNING "id"[0m  [["name", "Water the lawn"], ["description", "Turn on the sprinkler"], ["created_at", "2016-05-24 21:48:54.422886"], ["updated_at", "2016-05-24 21:48:54.422886"]]
  [1m[35m (3.3ms)[0m  COMMIT
Redirected to http://localhost:3000/items
Completed 302 Found in 14ms (ActiveRecord: 5.3ms)


Started GET "/items" for ::1 at 2016-05-24 15:48:54 -0600
Processing by ItemsController#index as HTML
  [1m[36mItem Load (0.5ms)[0m  [1mSELECT "items".* FROM "items"[0m
  Rendered items/index.html.erb within layouts/application (2.8ms)
  Rendered layouts/_navbar.html.erb (0.3ms)
Completed 200 OK in 50ms (Views: 49.2ms | ActiveRecord: 0.5ms)


Started GET "/items/4/edit" for ::1 at 2016-05-24 15:48:56 -0600
Processing by ItemsController#edit as HTML
  Parameters: {"id"=>"4"}
  [1m[35mItem Load (0.5ms)[0m  SELECT  "items".* FROM "items" WHERE "items"."id" = $1 LIMIT 1  [["id", 4]]
  Rendered items/edit.html.erb within layouts/application (5.1ms)
  Rendered layouts/_navbar.html.erb (0.6ms)
Completed 200 OK in 39ms (Views: 28.3ms | ActiveRecord: 0.5ms)


Started PATCH "/items/4" for ::1 at 2016-05-24 15:48:58 -0600
Processing by ItemsController#update as HTML
  Parameters: {"utf8"=>"✓", "authenticity_token"=>"DsZXUEJBVY3V4WLyxHTG4rLEWa9AoFv7OpEztrxU5VhwR1LmNAmr5ba9NjjZUeZtlB7wdMou3Ex7ZQG9XTSf6A==", "item"=>{"name"=>"Water the lawn", "description"=>"Turn on the sprinkler", "complete"=>"1"}, "commit"=>"Update Item", "id"=>"4"}
  [1m[36mItem Load (0.4ms)[0m  [1mSELECT  "items".* FROM "items" WHERE "items"."id" = $1 LIMIT 1[0m  [["id", 4]]
  [1m[35m (0.2ms)[0m  BEGIN
  [1m[36mSQL (0.7ms)[0m  [1mUPDATE "items" SET "complete" = $1, "updated_at" = $2 WHERE "items"."id" = $3[0m  [["complete", "t"], ["updated_at", "2016-05-24 21:48:58.331151"], ["id", 4]]
  [1m[35m (0.4ms)[0m  COMMIT
Redirected to http://localhost:3000/items
Completed 302 Found in 7ms (ActiveRecord: 1.7ms)


Started GET "/items" for ::1 at 2016-05-24 15:48:58 -0600
Processing by ItemsController#index as HTML
  [1m[36mItem Load (0.5ms)[0m  [1mSELECT "items".* FROM "items"[0m
  Rendered items/index.html.erb within layouts/application (3.6ms)
  Rendered layouts/_navbar.html.erb (0.6ms)
Completed 200 OK in 36ms (Views: 34.6ms | ActiveRecord: 0.5ms)


Started GET "/" for ::1 at 2016-05-24 15:58:19 -0600
  [1m[36mActiveRecord::SchemaMigration Load (0.7ms)[0m  [1mSELECT "schema_migrations".* FROM "schema_migrations"[0m
Processing by StaticPagesController#home as HTML
  Rendered static_pages/home.html.erb within layouts/application (1.6ms)
  Rendered layouts/_navbar.html.erb (0.9ms)
Completed 200 OK in 409ms (Views: 394.7ms | ActiveRecord: 0.0ms)


Started GET "/items" for ::1 at 2016-05-24 15:58:22 -0600
Processing by ItemsController#index as HTML
  [1m[35mItem Load (0.8ms)[0m  SELECT "items".* FROM "items"
  Rendered items/index.html.erb within layouts/application (19.0ms)
  Rendered layouts/_navbar.html.erb (1.0ms)
Completed 200 OK in 51ms (Views: 40.4ms | ActiveRecord: 8.2ms)


Started DELETE "/items/2" for ::1 at 2016-05-24 15:58:25 -0600
Processing by ItemsController#destroy as HTML
  Parameters: {"authenticity_token"=>"Dz8bxlqvgduO5u/5rIx3gR2Afeuf0cETZcKkS80lxFNxvh5wLOd/s+26uzOxqVcOO1rUMBVfRqQkNpZALEW+4w==", "id"=>"2"}
  [1m[36mItem Load (0.5ms)[0m  [1mSELECT  "items".* FROM "items" WHERE "items"."id" = $1 LIMIT 1[0m  [["id", 2]]
  [1m[35m (0.2ms)[0m  BEGIN
  [1m[36mSQL (0.4ms)[0m  [1mDELETE FROM "items" WHERE "items"."id" = $1[0m  [["id", 2]]
  [1m[35m (0.6ms)[0m  COMMIT
Redirected to http://localhost:3000/items
Completed 302 Found in 41ms (ActiveRecord: 1.9ms)


Started GET "/items" for ::1 at 2016-05-24 15:58:25 -0600
Processing by ItemsController#index as HTML
  [1m[36mItem Load (0.4ms)[0m  [1mSELECT "items".* FROM "items"[0m
  Rendered items/index.html.erb within layouts/application (2.3ms)
  Rendered layouts/_navbar.html.erb (1.2ms)
Completed 200 OK in 21ms (Views: 20.3ms | ActiveRecord: 0.4ms)


Started DELETE "/items/1" for ::1 at 2016-05-24 15:58:27 -0600
Processing by ItemsController#destroy as HTML
  Parameters: {"authenticity_token"=>"mbhKP+mk7EbZLrylV3UpO4sRJUtSNmTgNfzeqk0Nu8TnOU+Jn+wSLrpy6G9KUAm0rcuMkNi441d0COyhrG3BdA==", "id"=>"1"}
  [1m[35mItem Load (0.7ms)[0m  SELECT  "items".* FROM "items" WHERE "items"."id" = $1 LIMIT 1  [["id", 1]]
  [1m[36m (0.1ms)[0m  [1mBEGIN[0m
  [1m[35mSQL (0.3ms)[0m  DELETE FROM "items" WHERE "items"."id" = $1  [["id", 1]]
  [1m[36m (8.3ms)[0m  [1mCOMMIT[0m
Redirected to http://localhost:3000/items
Completed 302 Found in 13ms (ActiveRecord: 9.5ms)


Started GET "/items" for ::1 at 2016-05-24 15:58:27 -0600
Processing by ItemsController#index as HTML
  [1m[35mItem Load (0.4ms)[0m  SELECT "items".* FROM "items"
  Rendered items/index.html.erb within layouts/application (1.6ms)
  Rendered layouts/_navbar.html.erb (0.5ms)
Completed 200 OK in 26ms (Views: 24.4ms | ActiveRecord: 0.4ms)


Started GET "/" for ::1 at 2016-05-24 15:58:29 -0600
Processing by StaticPagesController#home as HTML
  Rendered static_pages/home.html.erb within layouts/application (0.5ms)
  Rendered layouts/_navbar.html.erb (0.3ms)
Completed 200 OK in 22ms (Views: 21.6ms | ActiveRecord: 0.0ms)


Started GET "/items/new" for ::1 at 2016-05-24 15:58:30 -0600
Processing by ItemsController#new as HTML
  Rendered items/new.html.erb within layouts/application (30.1ms)
  Rendered layouts/_navbar.html.erb (1.0ms)
Completed 200 OK in 53ms (Views: 52.6ms | ActiveRecord: 0.0ms)


Started POST "/items" for ::1 at 2016-05-24 15:58:40 -0600
Processing by ItemsController#create as HTML
  Parameters: {"utf8"=>"✓", "authenticity_token"=>"p9aOTD7/Gh0OmST+kgyP3QQBnoMWS4dBNacuiAu9pH7ZV4v6SLfkdW3FcDSPKa9SIts3WJzFAPZ0UxyD6t3ezg==", "item"=>{"name"=>"Get Groceries", "description"=>"go to whole foods", "complete"=>""}, "commit"=>"Create Item"}
  [1m[36m (0.2ms)[0m  [1mBEGIN[0m
  [1m[35mSQL (1.1ms)[0m  INSERT INTO "items" ("name", "description", "created_at", "updated_at") VALUES ($1, $2, $3, $4) RETURNING "id"  [["name", "Get Groceries"], ["description", "go to whole foods"], ["created_at", "2016-05-24 21:58:40.915104"], ["updated_at", "2016-05-24 21:58:40.915104"]]
  [1m[36m (0.4ms)[0m  [1mCOMMIT[0m
Redirected to http://localhost:3000/items
Completed 302 Found in 5ms (ActiveRecord: 1.7ms)


Started GET "/items" for ::1 at 2016-05-24 15:58:40 -0600
Processing by ItemsController#index as HTML
  [1m[35mItem Load (0.5ms)[0m  SELECT "items".* FROM "items"
  Rendered items/index.html.erb within layouts/application (2.0ms)
  Rendered layouts/_navbar.html.erb (0.5ms)
Completed 200 OK in 22ms (Views: 20.3ms | ActiveRecord: 0.5ms)


Started GET "/items/5/edit" for ::1 at 2016-05-24 15:58:44 -0600
Processing by ItemsController#edit as HTML
  Parameters: {"id"=>"5"}
  [1m[36mItem Load (0.4ms)[0m  [1mSELECT  "items".* FROM "items" WHERE "items"."id" = $1 LIMIT 1[0m  [["id", 5]]
  Rendered items/edit.html.erb within layouts/application (7.9ms)
  Rendered layouts/_navbar.html.erb (0.3ms)
Completed 200 OK in 41ms (Views: 39.9ms | ActiveRecord: 0.4ms)


Started PATCH "/items/5" for ::1 at 2016-05-24 15:58:46 -0600
Processing by ItemsController#update as HTML
  Parameters: {"utf8"=>"✓", "authenticity_token"=>"Tmzwa9iNlFAkn0+KDPGnIHkHMadnbll+rgqAhQ6GciAw7fXdrsVqOEfDG0AR1IevX92YfO3g3snv/rKO7+YIkA==", "item"=>{"name"=>"Get Groceries", "description"=>"go to whole foods", "complete"=>"1"}, "commit"=>"Update Item", "id"=>"5"}
  [1m[35mItem Load (0.4ms)[0m  SELECT  "items".* FROM "items" WHERE "items"."id" = $1 LIMIT 1  [["id", 5]]
  [1m[36m (0.2ms)[0m  [1mBEGIN[0m
  [1m[35mSQL (0.4ms)[0m  UPDATE "items" SET "complete" = $1, "updated_at" = $2 WHERE "items"."id" = $3  [["complete", "t"], ["updated_at", "2016-05-24 21:58:46.547630"], ["id", 5]]
  [1m[36m (0.4ms)[0m  [1mCOMMIT[0m
Redirected to http://localhost:3000/items
Completed 302 Found in 7ms (ActiveRecord: 1.4ms)


Started GET "/items" for ::1 at 2016-05-24 15:58:46 -0600
Processing by ItemsController#index as HTML
  [1m[35mItem Load (0.4ms)[0m  SELECT "items".* FROM "items"
  Rendered items/index.html.erb within layouts/application (1.7ms)
  Rendered layouts/_navbar.html.erb (0.4ms)
Completed 200 OK in 24ms (Views: 22.8ms | ActiveRecord: 0.4ms)


Started GET "/i" for ::1 at 2016-05-24 16:04:57 -0600
  [1m[36mActiveRecord::SchemaMigration Load (0.7ms)[0m  [1mSELECT "schema_migrations".* FROM "schema_migrations"[0m

ActionController::RoutingError (No route matches [GET] "/i"):
  actionpack (4.2.6) lib/action_dispatch/middleware/debug_exceptions.rb:21:in `call'
  web-console (2.3.0) lib/web_console/middleware.rb:28:in `block in call'
  web-console (2.3.0) lib/web_console/middleware.rb:18:in `catch'
  web-console (2.3.0) lib/web_console/middleware.rb:18:in `call'
  actionpack (4.2.6) lib/action_dispatch/middleware/show_exceptions.rb:30:in `call'
  railties (4.2.6) lib/rails/rack/logger.rb:38:in `call_app'
  railties (4.2.6) lib/rails/rack/logger.rb:20:in `block in call'
  activesupport (4.2.6) lib/active_support/tagged_logging.rb:68:in `block in tagged'
  activesupport (4.2.6) lib/active_support/tagged_logging.rb:26:in `tagged'
  activesupport (4.2.6) lib/active_support/tagged_logging.rb:68:in `tagged'
  railties (4.2.6) lib/rails/rack/logger.rb:20:in `call'
  actionpack (4.2.6) lib/action_dispatch/middleware/request_id.rb:21:in `call'
  rack (1.6.4) lib/rack/methodoverride.rb:22:in `call'
  rack (1.6.4) lib/rack/runtime.rb:18:in `call'
  activesupport (4.2.6) lib/active_support/cache/strategy/local_cache_middleware.rb:28:in `call'
  rack (1.6.4) lib/rack/lock.rb:17:in `call'
  actionpack (4.2.6) lib/action_dispatch/middleware/static.rb:120:in `call'
  rack (1.6.4) lib/rack/sendfile.rb:113:in `call'
  railties (4.2.6) lib/rails/engine.rb:518:in `call'
  railties (4.2.6) lib/rails/application.rb:165:in `call'
  rack (1.6.4) lib/rack/lock.rb:17:in `call'
  rack (1.6.4) lib/rack/content_length.rb:15:in `call'
  rack (1.6.4) lib/rack/handler/webrick.rb:88:in `service'
  /Users/tomlynam/.rbenv/versions/2.3.1/lib/ruby/2.3.0/webrick/httpserver.rb:140:in `service'
  /Users/tomlynam/.rbenv/versions/2.3.1/lib/ruby/2.3.0/webrick/httpserver.rb:96:in `run'
  /Users/tomlynam/.rbenv/versions/2.3.1/lib/ruby/2.3.0/webrick/server.rb:296:in `block in start_thread'


  Rendered /Users/tomlynam/.rbenv/versions/2.3.1/lib/ruby/gems/2.3.0/gems/actionpack-4.2.6/lib/action_dispatch/middleware/templates/rescues/_trace.html.erb (1.9ms)
  Rendered /Users/tomlynam/.rbenv/versions/2.3.1/lib/ruby/gems/2.3.0/gems/actionpack-4.2.6/lib/action_dispatch/middleware/templates/routes/_route.html.erb (1.4ms)
  Rendered /Users/tomlynam/.rbenv/versions/2.3.1/lib/ruby/gems/2.3.0/gems/actionpack-4.2.6/lib/action_dispatch/middleware/templates/routes/_table.html.erb (11.8ms)
  Rendered /Users/tomlynam/.rbenv/versions/2.3.1/lib/ruby/gems/2.3.0/gems/actionpack-4.2.6/lib/action_dispatch/middleware/templates/rescues/_request_and_response.html.erb (19.2ms)
  Rendered /Users/tomlynam/.rbenv/versions/2.3.1/lib/ruby/gems/2.3.0/gems/actionpack-4.2.6/lib/action_dispatch/middleware/templates/rescues/routing_error.html.erb within rescues/layout (138.3ms)
  Rendered /Users/tomlynam/.rbenv/versions/2.3.1/lib/ruby/gems/2.3.0/gems/web-console-2.3.0/lib/web_console/templates/_markup.html.erb (0.8ms)
  Rendered /Users/tomlynam/.rbenv/versions/2.3.1/lib/ruby/gems/2.3.0/gems/web-console-2.3.0/lib/web_console/templates/_inner_console_markup.html.erb within layouts/inlined_string (0.8ms)
  Rendered /Users/tomlynam/.rbenv/versions/2.3.1/lib/ruby/gems/2.3.0/gems/web-console-2.3.0/lib/web_console/templates/_prompt_box_markup.html.erb within layouts/inlined_string (0.4ms)
  Rendered /Users/tomlynam/.rbenv/versions/2.3.1/lib/ruby/gems/2.3.0/gems/web-console-2.3.0/lib/web_console/templates/style.css.erb within layouts/inlined_string (0.6ms)
  Rendered /Users/tomlynam/.rbenv/versions/2.3.1/lib/ruby/gems/2.3.0/gems/web-console-2.3.0/lib/web_console/templates/console.js.erb within layouts/javascript (106.3ms)
  Rendered /Users/tomlynam/.rbenv/versions/2.3.1/lib/ruby/gems/2.3.0/gems/web-console-2.3.0/lib/web_console/templates/main.js.erb within layouts/javascript (0.6ms)
  Rendered /Users/tomlynam/.rbenv/versions/2.3.1/lib/ruby/gems/2.3.0/gems/web-console-2.3.0/lib/web_console/templates/error_page.js.erb within layouts/javascript (0.7ms)
  Rendered /Users/tomlynam/.rbenv/versions/2.3.1/lib/ruby/gems/2.3.0/gems/web-console-2.3.0/lib/web_console/templates/index.html.erb (230.2ms)


Started GET "/" for ::1 at 2016-05-24 16:04:59 -0600
Processing by StaticPagesController#home as HTML
  Rendered static_pages/home.html.erb within layouts/application (0.6ms)
  Rendered layouts/_navbar.html.erb (1.1ms)
Completed 200 OK in 374ms (Views: 372.9ms | ActiveRecord: 0.0ms)


Started GET "/items/new" for ::1 at 2016-05-24 16:05:01 -0600
Processing by ItemsController#new as HTML
  Rendered items/new.html.erb within layouts/application (13.5ms)
  Rendered layouts/_navbar.html.erb (0.7ms)
Completed 200 OK in 59ms (Views: 45.2ms | ActiveRecord: 5.8ms)


Started POST "/items" for ::1 at 2016-05-24 16:05:09 -0600
Processing by ItemsController#create as HTML
  Parameters: {"utf8"=>"✓", "authenticity_token"=>"1A7dpbErAsLPm/w7tu0ikugOWfNzV4dp/t1lRW6+p/aqj9gTx2P8qqzHqPGryAIdztTwKPnZAN6/KVdOj97dRg==", "item"=>{"name"=>"Get gum", "description"=>"bubble gum", "complete"=>""}, "commit"=>"Create Item"}
  [1m[35m (0.2ms)[0m  BEGIN
  [1m[36mSQL (2.1ms)[0m  [1mINSERT INTO "items" ("name", "description", "created_at", "updated_at") VALUES ($1, $2, $3, $4) RETURNING "id"[0m  [["name", "Get gum"], ["description", "bubble gum"], ["created_at", "2016-05-24 22:05:09.711140"], ["updated_at", "2016-05-24 22:05:09.711140"]]
  [1m[35m (0.6ms)[0m  COMMIT
Redirected to http://localhost:3000/items
Completed 302 Found in 48ms (ActiveRecord: 3.1ms)


Started GET "/items" for ::1 at 2016-05-24 16:05:09 -0600
Processing by ItemsController#index as HTML
  [1m[36mItem Load (0.5ms)[0m  [1mSELECT "items".* FROM "items" WHERE "items"."complete" = $1[0m  [["complete", "f"]]
  Rendered items/index.html.erb within layouts/application (3.1ms)
  Rendered layouts/_navbar.html.erb (0.3ms)
Completed 200 OK in 34ms (Views: 27.4ms | ActiveRecord: 0.5ms)


Started GET "/items" for ::1 at 2016-05-24 16:05:40 -0600
Processing by ItemsController#index as HTML
  [1m[35mItem Load (0.4ms)[0m  SELECT "items".* FROM "items" WHERE "items"."complete" = $1  [["complete", "f"]]
  Rendered items/index.html.erb within layouts/application (1.1ms)
  Rendered layouts/_navbar.html.erb (0.3ms)
Completed 200 OK in 34ms (Views: 32.3ms | ActiveRecord: 0.4ms)


Started GET "/" for ::1 at 2016-05-24 16:05:42 -0600
Processing by StaticPagesController#home as HTML
  Rendered static_pages/home.html.erb within layouts/application (0.1ms)
  Rendered layouts/_navbar.html.erb (0.7ms)
Completed 200 OK in 61ms (Views: 60.2ms | ActiveRecord: 0.0ms)


Started GET "/items" for ::1 at 2016-05-24 16:05:43 -0600
Processing by ItemsController#index as HTML
  [1m[36mItem Load (0.3ms)[0m  [1mSELECT "items".* FROM "items" WHERE "items"."complete" = $1[0m  [["complete", "f"]]
  Rendered items/index.html.erb within layouts/application (2.0ms)
  Rendered layouts/_navbar.html.erb (0.3ms)
Completed 200 OK in 42ms (Views: 40.5ms | ActiveRecord: 0.3ms)


Started GET "/" for ::1 at 2016-05-24 16:08:58 -0600
  [1m[36mActiveRecord::SchemaMigration Load (0.9ms)[0m  [1mSELECT "schema_migrations".* FROM "schema_migrations"[0m
Processing by StaticPagesController#home as HTML
  Rendered static_pages/home.html.erb within layouts/application (2.0ms)
  Rendered layouts/_navbar.html.erb (1.1ms)
Completed 200 OK in 421ms (Views: 410.9ms | ActiveRecord: 0.0ms)


Started GET "/items/new" for ::1 at 2016-05-24 16:09:01 -0600
Processing by ItemsController#new as HTML
  Rendered items/new.html.erb within layouts/application (32.3ms)
  Rendered layouts/_navbar.html.erb (1.1ms)
Completed 200 OK in 79ms (Views: 67.0ms | ActiveRecord: 4.4ms)


Started POST "/items" for ::1 at 2016-05-24 16:09:09 -0600
Processing by ItemsController#create as HTML
  Parameters: {"utf8"=>"✓", "authenticity_token"=>"aBzqt0TOFue8WSpG6CUh4ejfAwMXdYF/3iAWWH5cy7cWne8BMoboj98Ffoz1AAFuzgWq2J37Bsif1CRTnzyxBw==", "item"=>{"name"=>"Get gum", "description"=>"bubble gum, a lot", "complete"=>""}, "commit"=>"Create Item"}
  [1m[35m (0.2ms)[0m  BEGIN
  [1m[36mSQL (1.4ms)[0m  [1mINSERT INTO "items" ("name", "description", "created_at", "updated_at") VALUES ($1, $2, $3, $4) RETURNING "id"[0m  [["name", "Get gum"], ["description", "bubble gum, a lot"], ["created_at", "2016-05-24 22:09:09.972998"], ["updated_at", "2016-05-24 22:09:09.972998"]]
  [1m[35m (0.5ms)[0m  COMMIT
  [1m[36m (0.1ms)[0m  [1mBEGIN[0m
  [1m[35m (0.1ms)[0m  COMMIT
Redirected to http://localhost:3000/items
Completed 302 Found in 10ms (ActiveRecord: 2.6ms)


Started GET "/items" for ::1 at 2016-05-24 16:09:09 -0600
Processing by ItemsController#index as HTML
  [1m[36mItem Load (1.0ms)[0m  [1mSELECT "items".* FROM "items" WHERE "items"."complete" = $1[0m  [["complete", "f"]]
  Rendered items/index.html.erb within layouts/application (4.1ms)
  Rendered layouts/_navbar.html.erb (0.5ms)
Completed 200 OK in 54ms (Views: 46.7ms | ActiveRecord: 1.0ms)


Started GET "/" for ::1 at 2016-05-24 16:15:04 -0600
  [1m[36mActiveRecord::SchemaMigration Load (0.9ms)[0m  [1mSELECT "schema_migrations".* FROM "schema_migrations"[0m
Processing by StaticPagesController#home as HTML
  Rendered static_pages/home.html.erb within layouts/application (2.2ms)
  Rendered layouts/_navbar.html.erb (1.6ms)
Completed 200 OK in 403ms (Views: 390.5ms | ActiveRecord: 0.0ms)


Started GET "/items/new" for ::1 at 2016-05-24 16:15:06 -0600
Processing by ItemsController#new as HTML
  Rendered items/new.html.erb within layouts/application (70.6ms)
Completed 500 Internal Server Error in 98ms (ActiveRecord: 5.0ms)

ActionView::Template::Error (undefined method `checkbox' for #<ActionView::Helpers::FormBuilder:0x007fd614402260>
Did you mean?  check_box):
     7: 	<%= f.label :description %>
     8: 	<%= f.text_area :description %>
     9: 
    10: 	<%= f.checkbox :complete, :checked => false, :style => 'visibility: hidden' %>
    11: 
    12: 	<%= f.submit %>
    13: <% end %>
  app/views/items/new.html.erb:10:in `block in _app_views_items_new_html_erb___87366647182950098_70278719715900'
  app/views/items/new.html.erb:3:in `_app_views_items_new_html_erb___87366647182950098_70278719715900'


  Rendered /Users/tomlynam/.rbenv/versions/2.3.1/lib/ruby/gems/2.3.0/gems/actionpack-4.2.6/lib/action_dispatch/middleware/templates/rescues/_source.erb (8.8ms)
  Rendered /Users/tomlynam/.rbenv/versions/2.3.1/lib/ruby/gems/2.3.0/gems/actionpack-4.2.6/lib/action_dispatch/middleware/templates/rescues/_trace.html.erb (3.2ms)
  Rendered /Users/tomlynam/.rbenv/versions/2.3.1/lib/ruby/gems/2.3.0/gems/actionpack-4.2.6/lib/action_dispatch/middleware/templates/rescues/_request_and_response.html.erb (1.6ms)
  Rendered /Users/tomlynam/.rbenv/versions/2.3.1/lib/ruby/gems/2.3.0/gems/actionpack-4.2.6/lib/action_dispatch/middleware/templates/rescues/template_error.html.erb within rescues/layout (95.5ms)
  Rendered /Users/tomlynam/.rbenv/versions/2.3.1/lib/ruby/gems/2.3.0/gems/web-console-2.3.0/lib/web_console/templates/_markup.html.erb (0.6ms)
  Rendered /Users/tomlynam/.rbenv/versions/2.3.1/lib/ruby/gems/2.3.0/gems/web-console-2.3.0/lib/web_console/templates/_inner_console_markup.html.erb within layouts/inlined_string (0.4ms)
  Rendered /Users/tomlynam/.rbenv/versions/2.3.1/lib/ruby/gems/2.3.0/gems/web-console-2.3.0/lib/web_console/templates/_prompt_box_markup.html.erb within layouts/inlined_string (0.4ms)
  Rendered /Users/tomlynam/.rbenv/versions/2.3.1/lib/ruby/gems/2.3.0/gems/web-console-2.3.0/lib/web_console/templates/style.css.erb within layouts/inlined_string (0.4ms)
  Rendered /Users/tomlynam/.rbenv/versions/2.3.1/lib/ruby/gems/2.3.0/gems/web-console-2.3.0/lib/web_console/templates/console.js.erb within layouts/javascript (77.5ms)
  Rendered /Users/tomlynam/.rbenv/versions/2.3.1/lib/ruby/gems/2.3.0/gems/web-console-2.3.0/lib/web_console/templates/main.js.erb within layouts/javascript (0.3ms)
  Rendered /Users/tomlynam/.rbenv/versions/2.3.1/lib/ruby/gems/2.3.0/gems/web-console-2.3.0/lib/web_console/templates/error_page.js.erb within layouts/javascript (0.5ms)
  Rendered /Users/tomlynam/.rbenv/versions/2.3.1/lib/ruby/gems/2.3.0/gems/web-console-2.3.0/lib/web_console/templates/index.html.erb (171.5ms)


Started GET "/items/new" for ::1 at 2016-05-24 16:15:06 -0600
Processing by ItemsController#new as HTML
  Rendered items/new.html.erb within layouts/application (29.9ms)
Completed 500 Internal Server Error in 34ms (ActiveRecord: 0.0ms)

ActionView::Template::Error (undefined method `checkbox' for #<ActionView::Helpers::FormBuilder:0x007fd6174cd480>
Did you mean?  check_box):
     7: 	<%= f.label :description %>
     8: 	<%= f.text_area :description %>
     9: 
    10: 	<%= f.checkbox :complete, :checked => false, :style => 'visibility: hidden' %>
    11: 
    12: 	<%= f.submit %>
    13: <% end %>
  app/views/items/new.html.erb:10:in `block in _app_views_items_new_html_erb___87366647182950098_70278754486620'
  app/views/items/new.html.erb:3:in `_app_views_items_new_html_erb___87366647182950098_70278754486620'


  Rendered /Users/tomlynam/.rbenv/versions/2.3.1/lib/ruby/gems/2.3.0/gems/actionpack-4.2.6/lib/action_dispatch/middleware/templates/rescues/_source.erb (6.1ms)
  Rendered /Users/tomlynam/.rbenv/versions/2.3.1/lib/ruby/gems/2.3.0/gems/actionpack-4.2.6/lib/action_dispatch/middleware/templates/rescues/_trace.html.erb (3.2ms)
  Rendered /Users/tomlynam/.rbenv/versions/2.3.1/lib/ruby/gems/2.3.0/gems/actionpack-4.2.6/lib/action_dispatch/middleware/templates/rescues/_request_and_response.html.erb (0.9ms)
  Rendered /Users/tomlynam/.rbenv/versions/2.3.1/lib/ruby/gems/2.3.0/gems/actionpack-4.2.6/lib/action_dispatch/middleware/templates/rescues/template_error.html.erb within rescues/layout (73.0ms)
  Rendered /Users/tomlynam/.rbenv/versions/2.3.1/lib/ruby/gems/2.3.0/gems/web-console-2.3.0/lib/web_console/templates/_markup.html.erb (0.7ms)
  Rendered /Users/tomlynam/.rbenv/versions/2.3.1/lib/ruby/gems/2.3.0/gems/web-console-2.3.0/lib/web_console/templates/_inner_console_markup.html.erb within layouts/inlined_string (0.4ms)
  Rendered /Users/tomlynam/.rbenv/versions/2.3.1/lib/ruby/gems/2.3.0/gems/web-console-2.3.0/lib/web_console/templates/_prompt_box_markup.html.erb within layouts/inlined_string (0.6ms)
  Rendered /Users/tomlynam/.rbenv/versions/2.3.1/lib/ruby/gems/2.3.0/gems/web-console-2.3.0/lib/web_console/templates/style.css.erb within layouts/inlined_string (0.4ms)
  Rendered /Users/tomlynam/.rbenv/versions/2.3.1/lib/ruby/gems/2.3.0/gems/web-console-2.3.0/lib/web_console/templates/console.js.erb within layouts/javascript (69.8ms)
  Rendered /Users/tomlynam/.rbenv/versions/2.3.1/lib/ruby/gems/2.3.0/gems/web-console-2.3.0/lib/web_console/templates/main.js.erb within layouts/javascript (0.3ms)
  Rendered /Users/tomlynam/.rbenv/versions/2.3.1/lib/ruby/gems/2.3.0/gems/web-console-2.3.0/lib/web_console/templates/error_page.js.erb within layouts/javascript (0.6ms)
  Rendered /Users/tomlynam/.rbenv/versions/2.3.1/lib/ruby/gems/2.3.0/gems/web-console-2.3.0/lib/web_console/templates/index.html.erb (153.1ms)


Started GET "/items/new" for ::1 at 2016-05-24 16:15:19 -0600
Processing by ItemsController#new as HTML
  Rendered items/new.html.erb within layouts/application (5.5ms)
  Rendered layouts/_navbar.html.erb (0.4ms)
Completed 200 OK in 49ms (Views: 47.8ms | ActiveRecord: 0.0ms)


Started POST "/items" for ::1 at 2016-05-24 16:15:27 -0600
Processing by ItemsController#create as HTML
  Parameters: {"utf8"=>"✓", "authenticity_token"=>"sY3UrnJSPkrcyo/Ym5Z93q0XmuzIWCMy1S71+TmVZ+rPDNEYBBrAIr+W2xKGs11Ri80zN0LWpIWU2sfy2PUdWg==", "item"=>{"name"=>"Buy milk", "description"=>"2 percent", "complete"=>"0"}, "commit"=>"Create Item"}
  [1m[35m (0.2ms)[0m  BEGIN
  [1m[36mSQL (1.7ms)[0m  [1mINSERT INTO "items" ("name", "description", "complete", "created_at", "updated_at") VALUES ($1, $2, $3, $4, $5) RETURNING "id"[0m  [["name", "Buy milk"], ["description", "2 percent"], ["complete", "f"], ["created_at", "2016-05-24 22:15:27.519639"], ["updated_at", "2016-05-24 22:15:27.519639"]]
  [1m[35m (0.5ms)[0m  COMMIT
  [1m[36m (0.1ms)[0m  [1mBEGIN[0m
  [1m[35m (0.2ms)[0m  COMMIT
Redirected to http://localhost:3000/items
Completed 302 Found in 13ms (ActiveRecord: 3.0ms)


Started GET "/items" for ::1 at 2016-05-24 16:15:27 -0600
Processing by ItemsController#index as HTML
  [1m[36mItem Load (0.5ms)[0m  [1mSELECT "items".* FROM "items" WHERE "items"."complete" = $1[0m  [["complete", "f"]]
  Rendered items/index.html.erb within layouts/application (4.1ms)
  Rendered layouts/_navbar.html.erb (0.4ms)
Completed 200 OK in 48ms (Views: 40.2ms | ActiveRecord: 0.5ms)


Started GET "/items/8/edit" for ::1 at 2016-05-24 16:15:38 -0600
Processing by ItemsController#edit as HTML
  Parameters: {"id"=>"8"}
  [1m[35mItem Load (0.7ms)[0m  SELECT  "items".* FROM "items" WHERE "items"."id" = $1 LIMIT 1  [["id", 8]]
  Rendered items/edit.html.erb within layouts/application (3.2ms)
  Rendered layouts/_navbar.html.erb (0.6ms)
Completed 200 OK in 42ms (Views: 28.2ms | ActiveRecord: 0.7ms)


Started PATCH "/items/8" for ::1 at 2016-05-24 16:15:40 -0600
Processing by ItemsController#update as HTML
  Parameters: {"utf8"=>"✓", "authenticity_token"=>"Ylo8q01N9mBC+13uZ2fJmq16qYrklKZdufWFg+Pjms8c2zkdOwUICCGnCSR6QukVi6AAUW4aIer4AbeIAoPgfw==", "item"=>{"name"=>"Buy milk", "description"=>"2 percent", "complete"=>"1"}, "commit"=>"Update Item", "id"=>"8"}
  [1m[36mItem Load (0.4ms)[0m  [1mSELECT  "items".* FROM "items" WHERE "items"."id" = $1 LIMIT 1[0m  [["id", 8]]
  [1m[35m (0.1ms)[0m  BEGIN
  [1m[36mSQL (0.6ms)[0m  [1mUPDATE "items" SET "complete" = $1, "updated_at" = $2 WHERE "items"."id" = $3[0m  [["complete", "t"], ["updated_at", "2016-05-24 22:15:40.518444"], ["id", 8]]
  [1m[35m (0.4ms)[0m  COMMIT
Redirected to http://localhost:3000/items
Completed 302 Found in 7ms (ActiveRecord: 1.5ms)


Started GET "/items" for ::1 at 2016-05-24 16:15:40 -0600
Processing by ItemsController#index as HTML
  [1m[36mItem Load (0.4ms)[0m  [1mSELECT "items".* FROM "items" WHERE "items"."complete" = $1[0m  [["complete", "f"]]
  Rendered items/index.html.erb within layouts/application (1.1ms)
  Rendered layouts/_navbar.html.erb (0.3ms)
Completed 200 OK in 23ms (Views: 22.3ms | ActiveRecord: 0.4ms)
